[debug] [2022-11-10T00:23:42.043Z] ----------------------------------------------------------------------
[debug] [2022-11-10T00:23:42.046Z] Command:       C:\Program Files\nodejs\node.exe C:\Users\Brenn\AppData\Roaming\npm\node_modules\firebase-tools\lib\bin\firebase.js deploy
[debug] [2022-11-10T00:23:42.046Z] CLI Version:   11.16.0
[debug] [2022-11-10T00:23:42.047Z] Platform:      win32
[debug] [2022-11-10T00:23:42.047Z] Node Version:  v18.12.1
[debug] [2022-11-10T00:23:42.048Z] Time:          Wed Nov 09 2022 17:23:42 GMT-0700 (Mountain Standard Time)
[debug] [2022-11-10T00:23:42.048Z] ----------------------------------------------------------------------
[debug] 
[debug] [2022-11-10T00:23:42.135Z] > command requires scopes: ["email","openid","https://www.googleapis.com/auth/cloudplatformprojects.readonly","https://www.googleapis.com/auth/firebase","https://www.googleapis.com/auth/cloud-platform"]
[debug] [2022-11-10T00:23:42.136Z] > authorizing via signed-in user (brenntanner@gmail.com)
[debug] [2022-11-10T00:23:42.136Z] [iam] checking project artportfolio-4701e for permissions ["cloudfunctions.functions.create","cloudfunctions.functions.delete","cloudfunctions.functions.get","cloudfunctions.functions.list","cloudfunctions.functions.update","cloudfunctions.operations.get","firebase.projects.get","firebasehosting.sites.update"]
[debug] [2022-11-10T00:23:42.139Z] >>> [apiv2][query] POST https://cloudresourcemanager.googleapis.com/v1/projects/artportfolio-4701e:testIamPermissions [none]
[debug] [2022-11-10T00:23:42.140Z] >>> [apiv2][(partial)header] POST https://cloudresourcemanager.googleapis.com/v1/projects/artportfolio-4701e:testIamPermissions x-goog-quota-user=projects/artportfolio-4701e
[debug] [2022-11-10T00:23:42.140Z] >>> [apiv2][body] POST https://cloudresourcemanager.googleapis.com/v1/projects/artportfolio-4701e:testIamPermissions {"permissions":["cloudfunctions.functions.create","cloudfunctions.functions.delete","cloudfunctions.functions.get","cloudfunctions.functions.list","cloudfunctions.functions.update","cloudfunctions.operations.get","firebase.projects.get","firebasehosting.sites.update"]}
[debug] [2022-11-10T00:23:45.635Z] <<< [apiv2][status] POST https://cloudresourcemanager.googleapis.com/v1/projects/artportfolio-4701e:testIamPermissions 200
[debug] [2022-11-10T00:23:45.635Z] <<< [apiv2][body] POST https://cloudresourcemanager.googleapis.com/v1/projects/artportfolio-4701e:testIamPermissions {"permissions":["cloudfunctions.functions.create","cloudfunctions.functions.delete","cloudfunctions.functions.get","cloudfunctions.functions.list","cloudfunctions.functions.update","cloudfunctions.operations.get","firebase.projects.get","firebasehosting.sites.update"]}
[debug] [2022-11-10T00:23:45.636Z] >>> [apiv2][query] POST https://iam.googleapis.com/v1/projects/artportfolio-4701e/serviceAccounts/artportfolio-4701e@appspot.gserviceaccount.com:testIamPermissions [none]
[debug] [2022-11-10T00:23:45.636Z] >>> [apiv2][body] POST https://iam.googleapis.com/v1/projects/artportfolio-4701e/serviceAccounts/artportfolio-4701e@appspot.gserviceaccount.com:testIamPermissions {"permissions":["iam.serviceAccounts.actAs"]}
[debug] [2022-11-10T00:23:45.898Z] <<< [apiv2][status] POST https://iam.googleapis.com/v1/projects/artportfolio-4701e/serviceAccounts/artportfolio-4701e@appspot.gserviceaccount.com:testIamPermissions 200
[debug] [2022-11-10T00:23:45.898Z] <<< [apiv2][body] POST https://iam.googleapis.com/v1/projects/artportfolio-4701e/serviceAccounts/artportfolio-4701e@appspot.gserviceaccount.com:testIamPermissions {"permissions":["iam.serviceAccounts.actAs"]}
[debug] [2022-11-10T00:23:45.899Z] >>> [apiv2][query] GET https://firebase.googleapis.com/v1beta1/projects/artportfolio-4701e [none]
[debug] [2022-11-10T00:23:46.194Z] <<< [apiv2][status] GET https://firebase.googleapis.com/v1beta1/projects/artportfolio-4701e 200
[debug] [2022-11-10T00:23:46.194Z] <<< [apiv2][body] GET https://firebase.googleapis.com/v1beta1/projects/artportfolio-4701e {"projectId":"artportfolio-4701e","projectNumber":"88367457183","displayName":"ArtPortfolio","name":"projects/artportfolio-4701e","resources":{"hostingSite":"artportfolio-4701e","realtimeDatabaseInstance":"artportfolio-4701e-default-rtdb","storageBucket":"artportfolio-4701e.appspot.com","locationId":"us-central"},"state":"ACTIVE","etag":"1_481019e0-0bbe-4962-8bfd-3df297197dc9"}
[info] 
[info] === Deploying to 'artportfolio-4701e'...
[info] 
[info] i  deploying functions, hosting 
[info] Running command: npm --prefix "$RESOURCE_DIR" run lint
[info] +  functions: Finished running predeploy script. 
[debug] [2022-11-10T00:23:48.881Z] >>> [apiv2][query] GET https://firebase.googleapis.com/v1beta1/projects/artportfolio-4701e [none]
[debug] [2022-11-10T00:23:49.124Z] <<< [apiv2][status] GET https://firebase.googleapis.com/v1beta1/projects/artportfolio-4701e 200
[debug] [2022-11-10T00:23:49.124Z] <<< [apiv2][body] GET https://firebase.googleapis.com/v1beta1/projects/artportfolio-4701e {"projectId":"artportfolio-4701e","projectNumber":"88367457183","displayName":"ArtPortfolio","name":"projects/artportfolio-4701e","resources":{"hostingSite":"artportfolio-4701e","realtimeDatabaseInstance":"artportfolio-4701e-default-rtdb","storageBucket":"artportfolio-4701e.appspot.com","locationId":"us-central"},"state":"ACTIVE","etag":"1_481019e0-0bbe-4962-8bfd-3df297197dc9"}
[info] i  functions: ensuring required API cloudfunctions.googleapis.com is enabled... 
[info] i  functions: ensuring required API cloudbuild.googleapis.com is enabled... 
[info] i  artifactregistry: ensuring required API artifactregistry.googleapis.com is enabled... 
[debug] [2022-11-10T00:23:49.129Z] >>> [apiv2][query] GET https://serviceusage.googleapis.com/v1/projects/artportfolio-4701e/services/cloudfunctions.googleapis.com [none]
[debug] [2022-11-10T00:23:49.129Z] >>> [apiv2][(partial)header] GET https://serviceusage.googleapis.com/v1/projects/artportfolio-4701e/services/cloudfunctions.googleapis.com x-goog-quota-user=projects/artportfolio-4701e
[debug] [2022-11-10T00:23:49.131Z] >>> [apiv2][query] GET https://serviceusage.googleapis.com/v1/projects/artportfolio-4701e/services/runtimeconfig.googleapis.com [none]
[debug] [2022-11-10T00:23:49.131Z] >>> [apiv2][(partial)header] GET https://serviceusage.googleapis.com/v1/projects/artportfolio-4701e/services/runtimeconfig.googleapis.com x-goog-quota-user=projects/artportfolio-4701e
[debug] [2022-11-10T00:23:49.132Z] >>> [apiv2][query] GET https://serviceusage.googleapis.com/v1/projects/artportfolio-4701e/services/cloudbuild.googleapis.com [none]
[debug] [2022-11-10T00:23:49.132Z] >>> [apiv2][(partial)header] GET https://serviceusage.googleapis.com/v1/projects/artportfolio-4701e/services/cloudbuild.googleapis.com x-goog-quota-user=projects/artportfolio-4701e
[debug] [2022-11-10T00:23:49.134Z] >>> [apiv2][query] GET https://serviceusage.googleapis.com/v1/projects/artportfolio-4701e/services/artifactregistry.googleapis.com [none]
[debug] [2022-11-10T00:23:49.134Z] >>> [apiv2][(partial)header] GET https://serviceusage.googleapis.com/v1/projects/artportfolio-4701e/services/artifactregistry.googleapis.com x-goog-quota-user=projects/artportfolio-4701e
[debug] [2022-11-10T00:23:49.647Z] <<< [apiv2][status] GET https://serviceusage.googleapis.com/v1/projects/artportfolio-4701e/services/artifactregistry.googleapis.com 200
[debug] [2022-11-10T00:23:49.647Z] <<< [apiv2][body] GET https://serviceusage.googleapis.com/v1/projects/artportfolio-4701e/services/artifactregistry.googleapis.com [omitted]
[info] +  artifactregistry: required API artifactregistry.googleapis.com is enabled 
[debug] [2022-11-10T00:23:49.656Z] <<< [apiv2][status] GET https://serviceusage.googleapis.com/v1/projects/artportfolio-4701e/services/cloudbuild.googleapis.com 200
[debug] [2022-11-10T00:23:49.656Z] <<< [apiv2][body] GET https://serviceusage.googleapis.com/v1/projects/artportfolio-4701e/services/cloudbuild.googleapis.com [omitted]
[info] +  functions: required API cloudbuild.googleapis.com is enabled 
[debug] [2022-11-10T00:23:49.663Z] <<< [apiv2][status] GET https://serviceusage.googleapis.com/v1/projects/artportfolio-4701e/services/runtimeconfig.googleapis.com 200
[debug] [2022-11-10T00:23:49.663Z] <<< [apiv2][body] GET https://serviceusage.googleapis.com/v1/projects/artportfolio-4701e/services/runtimeconfig.googleapis.com [omitted]
[debug] [2022-11-10T00:23:49.752Z] <<< [apiv2][status] GET https://serviceusage.googleapis.com/v1/projects/artportfolio-4701e/services/cloudfunctions.googleapis.com 200
[debug] [2022-11-10T00:23:49.752Z] <<< [apiv2][body] GET https://serviceusage.googleapis.com/v1/projects/artportfolio-4701e/services/cloudfunctions.googleapis.com [omitted]
[info] +  functions: required API cloudfunctions.googleapis.com is enabled 
[debug] [2022-11-10T00:23:49.753Z] >>> [apiv2][query] GET https://firebase.googleapis.com/v1beta1/projects/artportfolio-4701e/adminSdkConfig [none]
[debug] [2022-11-10T00:23:50.352Z] <<< [apiv2][status] GET https://firebase.googleapis.com/v1beta1/projects/artportfolio-4701e/adminSdkConfig 200
[debug] [2022-11-10T00:23:50.352Z] <<< [apiv2][body] GET https://firebase.googleapis.com/v1beta1/projects/artportfolio-4701e/adminSdkConfig {"projectId":"artportfolio-4701e","databaseURL":"https://artportfolio-4701e-default-rtdb.firebaseio.com","storageBucket":"artportfolio-4701e.appspot.com","locationId":"us-central"}
[debug] [2022-11-10T00:23:50.353Z] >>> [apiv2][query] GET https://runtimeconfig.googleapis.com/v1beta1/projects/artportfolio-4701e/configs [none]
[debug] [2022-11-10T00:23:50.604Z] <<< [apiv2][status] GET https://runtimeconfig.googleapis.com/v1beta1/projects/artportfolio-4701e/configs 200
[debug] [2022-11-10T00:23:50.605Z] <<< [apiv2][body] GET https://runtimeconfig.googleapis.com/v1beta1/projects/artportfolio-4701e/configs {}
[info] i  functions: preparing codebase default for deployment 
[debug] [2022-11-10T00:23:50.607Z] Validating nodejs source
[warn] !  functions: package.json indicates an outdated version of firebase-functions. Please upgrade using npm install --save firebase-functions@latest in your functions directory. 
[warn] !  functions: Please note that there will be breaking changes when you upgrade. 
[debug] [2022-11-10T00:23:54.403Z] > [functions] package.json contents: {
  "name": "functions",
  "description": "Cloud Functions for Firebase",
  "scripts": {
    "lint": "eslint .",
    "serve": "firebase emulators:start --only functions",
    "shell": "firebase functions:shell",
    "start": "npm run shell",
    "deploy": "firebase deploy --only functions",
    "logs": "firebase functions:log"
  },
  "engines": {
    "node": "16"
  },
  "main": "index.js",
  "dependencies": {
    "firebase-admin": "^10.0.2",
    "firebase-functions": "^3.18.0"
  },
  "devDependencies": {
    "eslint": "^8.9.0",
    "eslint-config-google": "^0.14.0",
    "firebase-functions-test": "^0.2.0"
  },
  "private": true
}
[debug] [2022-11-10T00:23:54.403Z] Building nodejs source
[debug] [2022-11-10T00:23:54.404Z] Could not find functions.yaml. Must use http discovery
[debug] [2022-11-10T00:23:54.763Z] Serving at port 9005

[debug] [2022-11-10T00:23:55.191Z] Got response from /__/functions.yaml {"endpoints":{"app":{"platform":"gcfv1","httpsTrigger":{},"entryPoint":"app"}},"specVersion":"v1alpha1","requiredAPIs":[]}
[debug] [2022-11-10T00:23:55.206Z] shutdown requested via /__/quitquitquit

[info] i  functions: preparing functions directory for uploading... 
[info] i  functions: packaged C:\Users\Brenn\Documents\BrennanTanner\APIs\functions (39.99 KB) for uploading 
[debug] [2022-11-10T00:23:55.294Z] >>> [apiv2][query] GET https://cloudfunctions.googleapis.com/v1/projects/artportfolio-4701e/locations/-/functions [none]
[debug] [2022-11-10T00:23:55.822Z] <<< [apiv2][status] GET https://cloudfunctions.googleapis.com/v1/projects/artportfolio-4701e/locations/-/functions 200
[debug] [2022-11-10T00:23:55.822Z] <<< [apiv2][body] GET https://cloudfunctions.googleapis.com/v1/projects/artportfolio-4701e/locations/-/functions {"functions":[{"name":"projects/artportfolio-4701e/locations/us-central1/functions/user","httpsTrigger":{"url":"https://us-central1-artportfolio-4701e.cloudfunctions.net/user","securityLevel":"SECURE_ALWAYS"},"status":"ACTIVE","entryPoint":"user","timeout":"60s","availableMemoryMb":256,"serviceAccountEmail":"artportfolio-4701e@appspot.gserviceaccount.com","updateTime":"2022-11-09T19:36:38.977Z","versionId":"1","labels":{"deployment-tool":"cli-firebase","firebase-functions-hash":"2e865ffa09e902c3be0f85c518f3ed0fba9789c6"},"sourceUploadUrl":"https://storage.googleapis.com/uploads-332294596759.us-central1.cloudfunctions.appspot.com/824047e3-ff3a-478f-8eea-861a26d9bcb0.zip","environmentVariables":{"FIREBASE_CONFIG":"{\"projectId\":\"artportfolio-4701e\",\"databaseURL\":\"https://artportfolio-4701e-default-rtdb.firebaseio.com\",\"storageBucket\":\"artportfolio-4701e.appspot.com\",\"locationId\":\"us-central\"}","GCLOUD_PROJECT":"artportfolio-4701e","EVENTARC_CLOUD_EVENT_SOURCE":"projects/artportfolio-4701e/locations/us-central1/functions/user"},"runtime":"nodejs16","ingressSettings":"ALLOW_ALL","buildId":"10564156-2159-4357-abbb-5c7e735d2e1d","buildName":"projects/88367457183/locations/us-central1/builds/10564156-2159-4357-abbb-5c7e735d2e1d","dockerRegistry":"ARTIFACT_REGISTRY"}]}
[debug] [2022-11-10T00:23:55.823Z] >>> [apiv2][query] GET https://cloudfunctions.googleapis.com/v2/projects/artportfolio-4701e/locations/-/functions filter=environment%3D%22GEN_2%22
[debug] [2022-11-10T00:23:56.492Z] <<< [apiv2][status] GET https://cloudfunctions.googleapis.com/v2/projects/artportfolio-4701e/locations/-/functions 200
[debug] [2022-11-10T00:23:56.492Z] <<< [apiv2][body] GET https://cloudfunctions.googleapis.com/v2/projects/artportfolio-4701e/locations/-/functions {}
[debug] [2022-11-10T00:23:56.496Z] >>> [apiv2][query] GET https://firebase.googleapis.com/v1beta1/projects/artportfolio-4701e [none]
[debug] [2022-11-10T00:23:56.899Z] <<< [apiv2][status] GET https://firebase.googleapis.com/v1beta1/projects/artportfolio-4701e 200
[debug] [2022-11-10T00:23:56.900Z] <<< [apiv2][body] GET https://firebase.googleapis.com/v1beta1/projects/artportfolio-4701e {"projectId":"artportfolio-4701e","projectNumber":"88367457183","displayName":"ArtPortfolio","name":"projects/artportfolio-4701e","resources":{"hostingSite":"artportfolio-4701e","realtimeDatabaseInstance":"artportfolio-4701e-default-rtdb","storageBucket":"artportfolio-4701e.appspot.com","locationId":"us-central"},"state":"ACTIVE","etag":"1_481019e0-0bbe-4962-8bfd-3df297197dc9"}
[debug] [2022-11-10T00:23:56.902Z] >>> [apiv2][query] POST https://firebasehosting.googleapis.com/v1beta1/projects/-/sites/artportfolio-4701e/versions [none]
[debug] [2022-11-10T00:23:56.902Z] >>> [apiv2][body] POST https://firebasehosting.googleapis.com/v1beta1/projects/-/sites/artportfolio-4701e/versions {"status":"CREATED","labels":{"deployment-tool":"cli-firebase"}}
[debug] [2022-11-10T00:23:57.839Z] <<< [apiv2][status] POST https://firebasehosting.googleapis.com/v1beta1/projects/-/sites/artportfolio-4701e/versions 200
[debug] [2022-11-10T00:23:57.839Z] <<< [apiv2][body] POST https://firebasehosting.googleapis.com/v1beta1/projects/-/sites/artportfolio-4701e/versions {"name":"projects/88367457183/sites/artportfolio-4701e/versions/1996c55b8733819f","status":"CREATED","config":{},"labels":{"deployment-tool":"cli-firebase"}}
[debug] [2022-11-10T00:23:57.840Z] [functions] found 1 new HTTP functions, testing setIamPolicy permission...
[debug] [2022-11-10T00:23:57.840Z] >>> [apiv2][query] POST https://cloudresourcemanager.googleapis.com/v1/projects/artportfolio-4701e:testIamPermissions [none]
[debug] [2022-11-10T00:23:57.840Z] >>> [apiv2][(partial)header] POST https://cloudresourcemanager.googleapis.com/v1/projects/artportfolio-4701e:testIamPermissions x-goog-quota-user=projects/artportfolio-4701e
[debug] [2022-11-10T00:23:57.840Z] >>> [apiv2][body] POST https://cloudresourcemanager.googleapis.com/v1/projects/artportfolio-4701e:testIamPermissions {"permissions":["cloudfunctions.functions.setIamPolicy"]}
[debug] [2022-11-10T00:23:58.062Z] <<< [apiv2][status] POST https://cloudresourcemanager.googleapis.com/v1/projects/artportfolio-4701e:testIamPermissions 200
[debug] [2022-11-10T00:23:58.062Z] <<< [apiv2][body] POST https://cloudresourcemanager.googleapis.com/v1/projects/artportfolio-4701e:testIamPermissions {"permissions":["cloudfunctions.functions.setIamPolicy"]}
[debug] [2022-11-10T00:23:58.062Z] [functions] found setIamPolicy permission, proceeding with deploy
[debug] [2022-11-10T00:23:58.063Z] >>> [apiv2][query] POST https://cloudfunctions.googleapis.com/v1/projects/artportfolio-4701e/locations/us-central1/functions:generateUploadUrl [none]
[debug] [2022-11-10T00:23:58.063Z] >>> [apiv2][body] POST https://cloudfunctions.googleapis.com/v1/projects/artportfolio-4701e/locations/us-central1/functions:generateUploadUrl {}
[debug] [2022-11-10T00:23:58.588Z] <<< [apiv2][status] POST https://cloudfunctions.googleapis.com/v1/projects/artportfolio-4701e/locations/us-central1/functions:generateUploadUrl 200
[debug] [2022-11-10T00:23:58.588Z] <<< [apiv2][body] POST https://cloudfunctions.googleapis.com/v1/projects/artportfolio-4701e/locations/us-central1/functions:generateUploadUrl {"uploadUrl":"https://storage.googleapis.com/uploads-332294596759.us-central1.cloudfunctions.appspot.com/d3eaab28-b28e-4460-9902-8004ad7b4348.zip?GoogleAccessId=service-88367457183@gcf-admin-robot.iam.gserviceaccount.com&Expires=1668041637&Signature=Au8L4xfEJ7RIFdSnl6O%2BSIw8oiUFz12%2BizXjEu1Mq5nN1VcWSa0qCEZVgfh9OydJuaqnFNcb50zdBohDaKlX2BSAEyEoO7GpCKxi7uks%2FPNPB5zHSqB4j8vZtmwJULppDrGR0c3fysyrHfQ00EcbjxX1bC1rrGyWZHSTCkazawp5drGNEfSWr%2BoHzxBLmPvyJ62jZJr8GUKdk38bmGqzLex3caQSVb0eCSUXa7uoQJiQdHDavkuQhHMbsM4vjO%2FWujXZiuejK8RATAbZeptdAn%2BzjE3U8hEaLozMIwkwJxTe1hs4LIn94eSaUAKS9XAt2VAvEAl%2FBWs4rAeFQ7kUCA%3D%3D"}
[debug] [2022-11-10T00:23:58.589Z] >>> [apiv2][query] PUT https://storage.googleapis.com/uploads-332294596759.us-central1.cloudfunctions.appspot.com/d3eaab28-b28e-4460-9902-8004ad7b4348.zip GoogleAccessId=service-88367457183%40gcf-admin-robot.iam.gserviceaccount.com&Expires=1668041637&Signature=Au8L4xfEJ7RIFdSnl6O%2BSIw8oiUFz12%2BizXjEu1Mq5nN1VcWSa0qCEZVgfh9OydJuaqnFNcb50zdBohDaKlX2BSAEyEoO7GpCKxi7uks%2FPNPB5zHSqB4j8vZtmwJULppDrGR0c3fysyrHfQ00EcbjxX1bC1rrGyWZHSTCkazawp5drGNEfSWr%2BoHzxBLmPvyJ62jZJr8GUKdk38bmGqzLex3caQSVb0eCSUXa7uoQJiQdHDavkuQhHMbsM4vjO%2FWujXZiuejK8RATAbZeptdAn%2BzjE3U8hEaLozMIwkwJxTe1hs4LIn94eSaUAKS9XAt2VAvEAl%2FBWs4rAeFQ7kUCA%3D%3D
[debug] [2022-11-10T00:23:58.589Z] >>> [apiv2][body] PUT https://storage.googleapis.com/uploads-332294596759.us-central1.cloudfunctions.appspot.com/d3eaab28-b28e-4460-9902-8004ad7b4348.zip [stream]
[debug] [2022-11-10T00:23:58.823Z] <<< [apiv2][status] PUT https://storage.googleapis.com/uploads-332294596759.us-central1.cloudfunctions.appspot.com/d3eaab28-b28e-4460-9902-8004ad7b4348.zip 200
[debug] [2022-11-10T00:23:58.823Z] <<< [apiv2][body] PUT https://storage.googleapis.com/uploads-332294596759.us-central1.cloudfunctions.appspot.com/d3eaab28-b28e-4460-9902-8004ad7b4348.zip [omitted]
[info] +  functions: functions folder uploaded successfully 
[info] i  hosting[artportfolio-4701e]: beginning deploy... 
[info] i  hosting[artportfolio-4701e]: found 1 files in public 
[debug] [2022-11-10T00:23:58.839Z] [hosting] uploading with 200 concurrency
[debug] [2022-11-10T00:23:58.840Z] [hosting] hash cache [cHVibGlj] not populated
[debug] [2022-11-10T00:23:58.846Z] [hosting] hash cache [cHVibGlj] stored for 1 files
[debug] [2022-11-10T00:23:58.847Z] [hosting][hash queue][FINAL] {"max":2,"min":2,"avg":2,"active":0,"complete":1,"success":1,"errored":0,"retried":0,"total":1,"elapsed":6}
[debug] [2022-11-10T00:23:58.848Z] >>> [apiv2][query] POST https://firebasehosting.googleapis.com/v1beta1/projects/88367457183/sites/artportfolio-4701e/versions/1996c55b8733819f:populateFiles [none]
[debug] [2022-11-10T00:23:58.848Z] >>> [apiv2][body] POST https://firebasehosting.googleapis.com/v1beta1/projects/88367457183/sites/artportfolio-4701e/versions/1996c55b8733819f:populateFiles {"files":{"/index.html":"056c95af24c4e4ae9702e373716b577099ea7ddabffb1f4327886a99ba0bbe15"}}
[debug] [2022-11-10T00:23:59.264Z] <<< [apiv2][status] POST https://firebasehosting.googleapis.com/v1beta1/projects/88367457183/sites/artportfolio-4701e/versions/1996c55b8733819f:populateFiles 200
[debug] [2022-11-10T00:23:59.264Z] <<< [apiv2][body] POST https://firebasehosting.googleapis.com/v1beta1/projects/88367457183/sites/artportfolio-4701e/versions/1996c55b8733819f:populateFiles {"uploadRequiredHashes":["056c95af24c4e4ae9702e373716b577099ea7ddabffb1f4327886a99ba0bbe15"],"uploadUrl":"https://upload-firebasehosting.googleapis.com/upload/sites/artportfolio-4701e/versions/1996c55b8733819f/files"}
[debug] [2022-11-10T00:23:59.265Z] >>> [apiv2][query] POST https://upload-firebasehosting.googleapis.com/upload/sites/artportfolio-4701e/versions/1996c55b8733819f/files/056c95af24c4e4ae9702e373716b577099ea7ddabffb1f4327886a99ba0bbe15 [none]
[debug] [2022-11-10T00:23:59.265Z] >>> [apiv2][body] POST https://upload-firebasehosting.googleapis.com/upload/sites/artportfolio-4701e/versions/1996c55b8733819f/files/056c95af24c4e4ae9702e373716b577099ea7ddabffb1f4327886a99ba0bbe15 [stream]
[debug] [2022-11-10T00:23:59.266Z] [hosting][populate queue][FINAL] {"max":421,"min":421,"avg":421,"active":0,"complete":1,"success":1,"errored":0,"retried":0,"total":1,"elapsed":422}
[debug] [2022-11-10T00:23:59.266Z] [hosting] uploads queued: 1
[debug] [2022-11-10T00:23:59.725Z] <<< [apiv2][status] POST https://upload-firebasehosting.googleapis.com/upload/sites/artportfolio-4701e/versions/1996c55b8733819f/files/056c95af24c4e4ae9702e373716b577099ea7ddabffb1f4327886a99ba0bbe15 200
[debug] [2022-11-10T00:23:59.725Z] <<< [apiv2][body] POST https://upload-firebasehosting.googleapis.com/upload/sites/artportfolio-4701e/versions/1996c55b8733819f/files/056c95af24c4e4ae9702e373716b577099ea7ddabffb1f4327886a99ba0bbe15 [stream]
[debug] [2022-11-10T00:23:59.725Z] [hosting][upload queue][FINAL] {"max":461,"min":461,"avg":461,"active":0,"complete":1,"success":1,"errored":0,"retried":0,"total":1,"elapsed":461}
[info] +  hosting[artportfolio-4701e]: file upload complete 
[debug] [2022-11-10T00:23:59.727Z] [hosting] deploy completed after 901ms
[info] 
The following functions are found in your project but do not exist in your local source code:
	user(us-central1)

If you are renaming a function or changing its region, it is recommended that you create the new function first before deleting the old one to prevent event loss. For more info, visit https://firebase.google.com/docs/functions/manage-functions#modify

[info] i  functions: creating Node.js 16 function app(us-central1)... 
[info] i  functions: deleting Node.js 16 function user(us-central1)... 
[debug] [2022-11-10T00:24:29.194Z] >>> [apiv2][query] POST https://cloudfunctions.googleapis.com/v1/projects/artportfolio-4701e/locations/us-central1/functions [none]
[debug] [2022-11-10T00:24:29.194Z] >>> [apiv2][body] POST https://cloudfunctions.googleapis.com/v1/projects/artportfolio-4701e/locations/us-central1/functions {"name":"projects/artportfolio-4701e/locations/us-central1/functions/app","sourceUploadUrl":"https://storage.googleapis.com/uploads-332294596759.us-central1.cloudfunctions.appspot.com/d3eaab28-b28e-4460-9902-8004ad7b4348.zip?GoogleAccessId=service-88367457183@gcf-admin-robot.iam.gserviceaccount.com&Expires=1668041637&Signature=Au8L4xfEJ7RIFdSnl6O%2BSIw8oiUFz12%2BizXjEu1Mq5nN1VcWSa0qCEZVgfh9OydJuaqnFNcb50zdBohDaKlX2BSAEyEoO7GpCKxi7uks%2FPNPB5zHSqB4j8vZtmwJULppDrGR0c3fysyrHfQ00EcbjxX1bC1rrGyWZHSTCkazawp5drGNEfSWr%2BoHzxBLmPvyJ62jZJr8GUKdk38bmGqzLex3caQSVb0eCSUXa7uoQJiQdHDavkuQhHMbsM4vjO%2FWujXZiuejK8RATAbZeptdAn%2BzjE3U8hEaLozMIwkwJxTe1hs4LIn94eSaUAKS9XAt2VAvEAl%2FBWs4rAeFQ7kUCA%3D%3D","entryPoint":"app","runtime":"nodejs16","dockerRegistry":"ARTIFACT_REGISTRY","labels":{"deployment-tool":"cli-firebase","firebase-functions-hash":"1be29f4b02cfe16f73e01d6d7f804e7ec7dae2b2"},"httpsTrigger":{"securityLevel":"SECURE_ALWAYS"},"environmentVariables":{"FIREBASE_CONFIG":"{\"projectId\":\"artportfolio-4701e\",\"databaseURL\":\"https://artportfolio-4701e-default-rtdb.firebaseio.com\",\"storageBucket\":\"artportfolio-4701e.appspot.com\",\"locationId\":\"us-central\"}","GCLOUD_PROJECT":"artportfolio-4701e","EVENTARC_CLOUD_EVENT_SOURCE":"projects/artportfolio-4701e/locations/us-central1/functions/app"}}
[debug] [2022-11-10T00:24:29.196Z] >>> [apiv2][query] DELETE https://cloudfunctions.googleapis.com/v1/projects/artportfolio-4701e/locations/us-central1/functions/user [none]
[debug] [2022-11-10T00:24:29.511Z] <<< [apiv2][status] DELETE https://cloudfunctions.googleapis.com/v1/projects/artportfolio-4701e/locations/us-central1/functions/user 200
[debug] [2022-11-10T00:24:29.511Z] <<< [apiv2][body] DELETE https://cloudfunctions.googleapis.com/v1/projects/artportfolio-4701e/locations/us-central1/functions/user {"name":"operations/YXJ0cG9ydGZvbGlvLTQ3MDFlL3VzLWNlbnRyYWwxL3VzZXIvSUw2akR3MGd6N0U","metadata":{"@type":"type.googleapis.com/google.cloud.functions.v1.OperationMetadataV1","target":"projects/artportfolio-4701e/locations/us-central1/functions/user","type":"DELETE_FUNCTION","request":{"@type":"type.googleapis.com/google.protobuf.Empty"},"updateTime":"2022-11-10T00:24:28Z"}}
[debug] [2022-11-10T00:24:29.512Z] >>> [apiv2][query] GET https://cloudfunctions.googleapis.com/v1/operations/YXJ0cG9ydGZvbGlvLTQ3MDFlL3VzLWNlbnRyYWwxL3VzZXIvSUw2akR3MGd6N0U [none]
[debug] [2022-11-10T00:24:29.738Z] <<< [apiv2][status] POST https://cloudfunctions.googleapis.com/v1/projects/artportfolio-4701e/locations/us-central1/functions 200
[debug] [2022-11-10T00:24:29.738Z] <<< [apiv2][body] POST https://cloudfunctions.googleapis.com/v1/projects/artportfolio-4701e/locations/us-central1/functions {"name":"operations/YXJ0cG9ydGZvbGlvLTQ3MDFlL3VzLWNlbnRyYWwxL2FwcC9GT0VlVVFtQ01nbw","metadata":{"@type":"type.googleapis.com/google.cloud.functions.v1.OperationMetadataV1","target":"projects/artportfolio-4701e/locations/us-central1/functions/app","type":"CREATE_FUNCTION","request":{"@type":"type.googleapis.com/google.cloud.functions.v1.CloudFunction","name":"projects/artportfolio-4701e/locations/us-central1/functions/app","httpsTrigger":{"securityLevel":"SECURE_ALWAYS"},"entryPoint":"app","labels":{"deployment-tool":"cli-firebase","firebase-functions-hash":"1be29f4b02cfe16f73e01d6d7f804e7ec7dae2b2"},"sourceUploadUrl":"https://storage.googleapis.com/uploads-332294596759.us-central1.cloudfunctions.appspot.com/d3eaab28-b28e-4460-9902-8004ad7b4348.zip?GoogleAccessId=service-88367457183@gcf-admin-robot.iam.gserviceaccount.com&Expires=1668041637&Signature=Au8L4xfEJ7RIFdSnl6O%2BSIw8oiUFz12%2BizXjEu1Mq5nN1VcWSa0qCEZVgfh9OydJuaqnFNcb50zdBohDaKlX2BSAEyEoO7GpCKxi7uks%2FPNPB5zHSqB4j8vZtmwJULppDrGR0c3fysyrHfQ00EcbjxX1bC1rrGyWZHSTCkazawp5drGNEfSWr%2BoHzxBLmPvyJ62jZJr8GUKdk38bmGqzLex3caQSVb0eCSUXa7uoQJiQdHDavkuQhHMbsM4vjO%2FWujXZiuejK8RATAbZeptdAn%2BzjE3U8hEaLozMIwkwJxTe1hs4LIn94eSaUAKS9XAt2VAvEAl%2FBWs4rAeFQ7kUCA%3D%3D","environmentVariables":{"FIREBASE_CONFIG":"{\"projectId\":\"artportfolio-4701e\",\"databaseURL\":\"https://artportfolio-4701e-default-rtdb.firebaseio.com\",\"storageBucket\":\"artportfolio-4701e.appspot.com\",\"locationId\":\"us-central\"}","GCLOUD_PROJECT":"artportfolio-4701e","EVENTARC_CLOUD_EVENT_SOURCE":"projects/artportfolio-4701e/locations/us-central1/functions/app"},"runtime":"nodejs16","dockerRegistry":"ARTIFACT_REGISTRY"},"versionId":"1","updateTime":"2022-11-10T00:24:29Z"}}
[debug] [2022-11-10T00:24:29.738Z] >>> [apiv2][query] GET https://cloudfunctions.googleapis.com/v1/operations/YXJ0cG9ydGZvbGlvLTQ3MDFlL3VzLWNlbnRyYWwxL2FwcC9GT0VlVVFtQ01nbw [none]
[debug] [2022-11-10T00:24:29.776Z] <<< [apiv2][status] GET https://cloudfunctions.googleapis.com/v1/operations/YXJ0cG9ydGZvbGlvLTQ3MDFlL3VzLWNlbnRyYWwxL3VzZXIvSUw2akR3MGd6N0U 200
[debug] [2022-11-10T00:24:29.776Z] <<< [apiv2][body] GET https://cloudfunctions.googleapis.com/v1/operations/YXJ0cG9ydGZvbGlvLTQ3MDFlL3VzLWNlbnRyYWwxL3VzZXIvSUw2akR3MGd6N0U {"name":"operations/YXJ0cG9ydGZvbGlvLTQ3MDFlL3VzLWNlbnRyYWwxL3VzZXIvSUw2akR3MGd6N0U","metadata":{"@type":"type.googleapis.com/google.cloud.functions.v1.OperationMetadataV1","target":"projects/artportfolio-4701e/locations/us-central1/functions/user","type":"DELETE_FUNCTION","request":{"@type":"type.googleapis.com/google.protobuf.Empty"},"updateTime":"2022-11-10T00:24:29Z"}}
[debug] [2022-11-10T00:24:29.934Z] <<< [apiv2][status] GET https://cloudfunctions.googleapis.com/v1/operations/YXJ0cG9ydGZvbGlvLTQ3MDFlL3VzLWNlbnRyYWwxL2FwcC9GT0VlVVFtQ01nbw 200
[debug] [2022-11-10T00:24:29.934Z] <<< [apiv2][body] GET https://cloudfunctions.googleapis.com/v1/operations/YXJ0cG9ydGZvbGlvLTQ3MDFlL3VzLWNlbnRyYWwxL2FwcC9GT0VlVVFtQ01nbw {"name":"operations/YXJ0cG9ydGZvbGlvLTQ3MDFlL3VzLWNlbnRyYWwxL2FwcC9GT0VlVVFtQ01nbw","metadata":{"@type":"type.googleapis.com/google.cloud.functions.v1.OperationMetadataV1","target":"projects/artportfolio-4701e/locations/us-central1/functions/app","type":"CREATE_FUNCTION","request":{"@type":"type.googleapis.com/google.cloud.functions.v1.CloudFunction","name":"projects/artportfolio-4701e/locations/us-central1/functions/app","httpsTrigger":{"securityLevel":"SECURE_ALWAYS"},"entryPoint":"app","labels":{"deployment-tool":"cli-firebase","firebase-functions-hash":"1be29f4b02cfe16f73e01d6d7f804e7ec7dae2b2"},"sourceUploadUrl":"https://storage.googleapis.com/uploads-332294596759.us-central1.cloudfunctions.appspot.com/d3eaab28-b28e-4460-9902-8004ad7b4348.zip?GoogleAccessId=service-88367457183@gcf-admin-robot.iam.gserviceaccount.com&Expires=1668041637&Signature=Au8L4xfEJ7RIFdSnl6O%2BSIw8oiUFz12%2BizXjEu1Mq5nN1VcWSa0qCEZVgfh9OydJuaqnFNcb50zdBohDaKlX2BSAEyEoO7GpCKxi7uks%2FPNPB5zHSqB4j8vZtmwJULppDrGR0c3fysyrHfQ00EcbjxX1bC1rrGyWZHSTCkazawp5drGNEfSWr%2BoHzxBLmPvyJ62jZJr8GUKdk38bmGqzLex3caQSVb0eCSUXa7uoQJiQdHDavkuQhHMbsM4vjO%2FWujXZiuejK8RATAbZeptdAn%2BzjE3U8hEaLozMIwkwJxTe1hs4LIn94eSaUAKS9XAt2VAvEAl%2FBWs4rAeFQ7kUCA%3D%3D","environmentVariables":{"FIREBASE_CONFIG":"{\"projectId\":\"artportfolio-4701e\",\"databaseURL\":\"https://artportfolio-4701e-default-rtdb.firebaseio.com\",\"storageBucket\":\"artportfolio-4701e.appspot.com\",\"locationId\":\"us-central\"}","GCLOUD_PROJECT":"artportfolio-4701e","EVENTARC_CLOUD_EVENT_SOURCE":"projects/artportfolio-4701e/locations/us-central1/functions/app"},"runtime":"nodejs16","dockerRegistry":"ARTIFACT_REGISTRY"},"versionId":"1","updateTime":"2022-11-10T00:24:29Z"}}
[debug] [2022-11-10T00:24:30.292Z] [delete-default-us-central1-user] Retrying task index 0
[debug] [2022-11-10T00:24:30.292Z] >>> [apiv2][query] GET https://cloudfunctions.googleapis.com/v1/operations/YXJ0cG9ydGZvbGlvLTQ3MDFlL3VzLWNlbnRyYWwxL3VzZXIvSUw2akR3MGd6N0U [none]
[debug] [2022-11-10T00:24:30.435Z] [create-default-us-central1-app] Retrying task index 0
[debug] [2022-11-10T00:24:30.436Z] >>> [apiv2][query] GET https://cloudfunctions.googleapis.com/v1/operations/YXJ0cG9ydGZvbGlvLTQ3MDFlL3VzLWNlbnRyYWwxL2FwcC9GT0VlVVFtQ01nbw [none]
[debug] [2022-11-10T00:24:30.496Z] <<< [apiv2][status] GET https://cloudfunctions.googleapis.com/v1/operations/YXJ0cG9ydGZvbGlvLTQ3MDFlL3VzLWNlbnRyYWwxL3VzZXIvSUw2akR3MGd6N0U 200
[debug] [2022-11-10T00:24:30.496Z] <<< [apiv2][body] GET https://cloudfunctions.googleapis.com/v1/operations/YXJ0cG9ydGZvbGlvLTQ3MDFlL3VzLWNlbnRyYWwxL3VzZXIvSUw2akR3MGd6N0U {"name":"operations/YXJ0cG9ydGZvbGlvLTQ3MDFlL3VzLWNlbnRyYWwxL3VzZXIvSUw2akR3MGd6N0U","metadata":{"@type":"type.googleapis.com/google.cloud.functions.v1.OperationMetadataV1","target":"projects/artportfolio-4701e/locations/us-central1/functions/user","type":"DELETE_FUNCTION","request":{"@type":"type.googleapis.com/google.protobuf.Empty"},"updateTime":"2022-11-10T00:24:29Z"}}
[debug] [2022-11-10T00:24:30.632Z] <<< [apiv2][status] GET https://cloudfunctions.googleapis.com/v1/operations/YXJ0cG9ydGZvbGlvLTQ3MDFlL3VzLWNlbnRyYWwxL2FwcC9GT0VlVVFtQ01nbw 200
[debug] [2022-11-10T00:24:30.633Z] <<< [apiv2][body] GET https://cloudfunctions.googleapis.com/v1/operations/YXJ0cG9ydGZvbGlvLTQ3MDFlL3VzLWNlbnRyYWwxL2FwcC9GT0VlVVFtQ01nbw {"name":"operations/YXJ0cG9ydGZvbGlvLTQ3MDFlL3VzLWNlbnRyYWwxL2FwcC9GT0VlVVFtQ01nbw","metadata":{"@type":"type.googleapis.com/google.cloud.functions.v1.OperationMetadataV1","target":"projects/artportfolio-4701e/locations/us-central1/functions/app","type":"CREATE_FUNCTION","request":{"@type":"type.googleapis.com/google.cloud.functions.v1.CloudFunction","name":"projects/artportfolio-4701e/locations/us-central1/functions/app","httpsTrigger":{"securityLevel":"SECURE_ALWAYS"},"entryPoint":"app","labels":{"deployment-tool":"cli-firebase","firebase-functions-hash":"1be29f4b02cfe16f73e01d6d7f804e7ec7dae2b2"},"sourceUploadUrl":"https://storage.googleapis.com/uploads-332294596759.us-central1.cloudfunctions.appspot.com/d3eaab28-b28e-4460-9902-8004ad7b4348.zip?GoogleAccessId=service-88367457183@gcf-admin-robot.iam.gserviceaccount.com&Expires=1668041637&Signature=Au8L4xfEJ7RIFdSnl6O%2BSIw8oiUFz12%2BizXjEu1Mq5nN1VcWSa0qCEZVgfh9OydJuaqnFNcb50zdBohDaKlX2BSAEyEoO7GpCKxi7uks%2FPNPB5zHSqB4j8vZtmwJULppDrGR0c3fysyrHfQ00EcbjxX1bC1rrGyWZHSTCkazawp5drGNEfSWr%2BoHzxBLmPvyJ62jZJr8GUKdk38bmGqzLex3caQSVb0eCSUXa7uoQJiQdHDavkuQhHMbsM4vjO%2FWujXZiuejK8RATAbZeptdAn%2BzjE3U8hEaLozMIwkwJxTe1hs4LIn94eSaUAKS9XAt2VAvEAl%2FBWs4rAeFQ7kUCA%3D%3D","environmentVariables":{"FIREBASE_CONFIG":"{\"projectId\":\"artportfolio-4701e\",\"databaseURL\":\"https://artportfolio-4701e-default-rtdb.firebaseio.com\",\"storageBucket\":\"artportfolio-4701e.appspot.com\",\"locationId\":\"us-central\"}","GCLOUD_PROJECT":"artportfolio-4701e","EVENTARC_CLOUD_EVENT_SOURCE":"projects/artportfolio-4701e/locations/us-central1/functions/app"},"runtime":"nodejs16","dockerRegistry":"ARTIFACT_REGISTRY"},"versionId":"1","updateTime":"2022-11-10T00:24:29Z","buildId":"a83780d5-0714-4366-a447-d719b6c67405","buildName":"projects/88367457183/locations/us-central1/builds/a83780d5-0714-4366-a447-d719b6c67405"}}
[debug] [2022-11-10T00:24:31.499Z] [delete-default-us-central1-user] Retrying task index 0
[debug] [2022-11-10T00:24:31.499Z] >>> [apiv2][query] GET https://cloudfunctions.googleapis.com/v1/operations/YXJ0cG9ydGZvbGlvLTQ3MDFlL3VzLWNlbnRyYWwxL3VzZXIvSUw2akR3MGd6N0U [none]
[debug] [2022-11-10T00:24:31.645Z] [create-default-us-central1-app] Retrying task index 0
[debug] [2022-11-10T00:24:31.646Z] >>> [apiv2][query] GET https://cloudfunctions.googleapis.com/v1/operations/YXJ0cG9ydGZvbGlvLTQ3MDFlL3VzLWNlbnRyYWwxL2FwcC9GT0VlVVFtQ01nbw [none]
[debug] [2022-11-10T00:24:31.673Z] <<< [apiv2][status] GET https://cloudfunctions.googleapis.com/v1/operations/YXJ0cG9ydGZvbGlvLTQ3MDFlL3VzLWNlbnRyYWwxL3VzZXIvSUw2akR3MGd6N0U 200
[debug] [2022-11-10T00:24:31.674Z] <<< [apiv2][body] GET https://cloudfunctions.googleapis.com/v1/operations/YXJ0cG9ydGZvbGlvLTQ3MDFlL3VzLWNlbnRyYWwxL3VzZXIvSUw2akR3MGd6N0U {"name":"operations/YXJ0cG9ydGZvbGlvLTQ3MDFlL3VzLWNlbnRyYWwxL3VzZXIvSUw2akR3MGd6N0U","metadata":{"@type":"type.googleapis.com/google.cloud.functions.v1.OperationMetadataV1","target":"projects/artportfolio-4701e/locations/us-central1/functions/user","type":"DELETE_FUNCTION","request":{"@type":"type.googleapis.com/google.protobuf.Empty"},"updateTime":"2022-11-10T00:24:29Z"}}
[debug] [2022-11-10T00:24:31.880Z] <<< [apiv2][status] GET https://cloudfunctions.googleapis.com/v1/operations/YXJ0cG9ydGZvbGlvLTQ3MDFlL3VzLWNlbnRyYWwxL2FwcC9GT0VlVVFtQ01nbw 200
[debug] [2022-11-10T00:24:31.881Z] <<< [apiv2][body] GET https://cloudfunctions.googleapis.com/v1/operations/YXJ0cG9ydGZvbGlvLTQ3MDFlL3VzLWNlbnRyYWwxL2FwcC9GT0VlVVFtQ01nbw {"name":"operations/YXJ0cG9ydGZvbGlvLTQ3MDFlL3VzLWNlbnRyYWwxL2FwcC9GT0VlVVFtQ01nbw","metadata":{"@type":"type.googleapis.com/google.cloud.functions.v1.OperationMetadataV1","target":"projects/artportfolio-4701e/locations/us-central1/functions/app","type":"CREATE_FUNCTION","request":{"@type":"type.googleapis.com/google.cloud.functions.v1.CloudFunction","name":"projects/artportfolio-4701e/locations/us-central1/functions/app","httpsTrigger":{"securityLevel":"SECURE_ALWAYS"},"entryPoint":"app","labels":{"deployment-tool":"cli-firebase","firebase-functions-hash":"1be29f4b02cfe16f73e01d6d7f804e7ec7dae2b2"},"sourceUploadUrl":"https://storage.googleapis.com/uploads-332294596759.us-central1.cloudfunctions.appspot.com/d3eaab28-b28e-4460-9902-8004ad7b4348.zip?GoogleAccessId=service-88367457183@gcf-admin-robot.iam.gserviceaccount.com&Expires=1668041637&Signature=Au8L4xfEJ7RIFdSnl6O%2BSIw8oiUFz12%2BizXjEu1Mq5nN1VcWSa0qCEZVgfh9OydJuaqnFNcb50zdBohDaKlX2BSAEyEoO7GpCKxi7uks%2FPNPB5zHSqB4j8vZtmwJULppDrGR0c3fysyrHfQ00EcbjxX1bC1rrGyWZHSTCkazawp5drGNEfSWr%2BoHzxBLmPvyJ62jZJr8GUKdk38bmGqzLex3caQSVb0eCSUXa7uoQJiQdHDavkuQhHMbsM4vjO%2FWujXZiuejK8RATAbZeptdAn%2BzjE3U8hEaLozMIwkwJxTe1hs4LIn94eSaUAKS9XAt2VAvEAl%2FBWs4rAeFQ7kUCA%3D%3D","environmentVariables":{"FIREBASE_CONFIG":"{\"projectId\":\"artportfolio-4701e\",\"databaseURL\":\"https://artportfolio-4701e-default-rtdb.firebaseio.com\",\"storageBucket\":\"artportfolio-4701e.appspot.com\",\"locationId\":\"us-central\"}","GCLOUD_PROJECT":"artportfolio-4701e","EVENTARC_CLOUD_EVENT_SOURCE":"projects/artportfolio-4701e/locations/us-central1/functions/app"},"runtime":"nodejs16","dockerRegistry":"ARTIFACT_REGISTRY"},"versionId":"1","updateTime":"2022-11-10T00:24:29Z","buildId":"a83780d5-0714-4366-a447-d719b6c67405","buildName":"projects/88367457183/locations/us-central1/builds/a83780d5-0714-4366-a447-d719b6c67405"}}
[debug] [2022-11-10T00:24:33.678Z] [delete-default-us-central1-user] Retrying task index 0
[debug] [2022-11-10T00:24:33.678Z] >>> [apiv2][query] GET https://cloudfunctions.googleapis.com/v1/operations/YXJ0cG9ydGZvbGlvLTQ3MDFlL3VzLWNlbnRyYWwxL3VzZXIvSUw2akR3MGd6N0U [none]
[debug] [2022-11-10T00:24:33.884Z] [create-default-us-central1-app] Retrying task index 0
[debug] [2022-11-10T00:24:33.884Z] >>> [apiv2][query] GET https://cloudfunctions.googleapis.com/v1/operations/YXJ0cG9ydGZvbGlvLTQ3MDFlL3VzLWNlbnRyYWwxL2FwcC9GT0VlVVFtQ01nbw [none]
[debug] [2022-11-10T00:24:33.910Z] <<< [apiv2][status] GET https://cloudfunctions.googleapis.com/v1/operations/YXJ0cG9ydGZvbGlvLTQ3MDFlL3VzLWNlbnRyYWwxL3VzZXIvSUw2akR3MGd6N0U 200
[debug] [2022-11-10T00:24:33.910Z] <<< [apiv2][body] GET https://cloudfunctions.googleapis.com/v1/operations/YXJ0cG9ydGZvbGlvLTQ3MDFlL3VzLWNlbnRyYWwxL3VzZXIvSUw2akR3MGd6N0U {"name":"operations/YXJ0cG9ydGZvbGlvLTQ3MDFlL3VzLWNlbnRyYWwxL3VzZXIvSUw2akR3MGd6N0U","metadata":{"@type":"type.googleapis.com/google.cloud.functions.v1.OperationMetadataV1","target":"projects/artportfolio-4701e/locations/us-central1/functions/user","type":"DELETE_FUNCTION","request":{"@type":"type.googleapis.com/google.protobuf.Empty"},"updateTime":"2022-11-10T00:24:31Z"},"done":true,"response":{"@type":"type.googleapis.com/google.protobuf.Empty"}}
[info] +  functions[user(us-central1)] Successful delete operation. 
[debug] [2022-11-10T00:24:34.079Z] <<< [apiv2][status] GET https://cloudfunctions.googleapis.com/v1/operations/YXJ0cG9ydGZvbGlvLTQ3MDFlL3VzLWNlbnRyYWwxL2FwcC9GT0VlVVFtQ01nbw 200
[debug] [2022-11-10T00:24:34.079Z] <<< [apiv2][body] GET https://cloudfunctions.googleapis.com/v1/operations/YXJ0cG9ydGZvbGlvLTQ3MDFlL3VzLWNlbnRyYWwxL2FwcC9GT0VlVVFtQ01nbw {"name":"operations/YXJ0cG9ydGZvbGlvLTQ3MDFlL3VzLWNlbnRyYWwxL2FwcC9GT0VlVVFtQ01nbw","metadata":{"@type":"type.googleapis.com/google.cloud.functions.v1.OperationMetadataV1","target":"projects/artportfolio-4701e/locations/us-central1/functions/app","type":"CREATE_FUNCTION","request":{"@type":"type.googleapis.com/google.cloud.functions.v1.CloudFunction","name":"projects/artportfolio-4701e/locations/us-central1/functions/app","httpsTrigger":{"securityLevel":"SECURE_ALWAYS"},"entryPoint":"app","labels":{"deployment-tool":"cli-firebase","firebase-functions-hash":"1be29f4b02cfe16f73e01d6d7f804e7ec7dae2b2"},"sourceUploadUrl":"https://storage.googleapis.com/uploads-332294596759.us-central1.cloudfunctions.appspot.com/d3eaab28-b28e-4460-9902-8004ad7b4348.zip?GoogleAccessId=service-88367457183@gcf-admin-robot.iam.gserviceaccount.com&Expires=1668041637&Signature=Au8L4xfEJ7RIFdSnl6O%2BSIw8oiUFz12%2BizXjEu1Mq5nN1VcWSa0qCEZVgfh9OydJuaqnFNcb50zdBohDaKlX2BSAEyEoO7GpCKxi7uks%2FPNPB5zHSqB4j8vZtmwJULppDrGR0c3fysyrHfQ00EcbjxX1bC1rrGyWZHSTCkazawp5drGNEfSWr%2BoHzxBLmPvyJ62jZJr8GUKdk38bmGqzLex3caQSVb0eCSUXa7uoQJiQdHDavkuQhHMbsM4vjO%2FWujXZiuejK8RATAbZeptdAn%2BzjE3U8hEaLozMIwkwJxTe1hs4LIn94eSaUAKS9XAt2VAvEAl%2FBWs4rAeFQ7kUCA%3D%3D","environmentVariables":{"FIREBASE_CONFIG":"{\"projectId\":\"artportfolio-4701e\",\"databaseURL\":\"https://artportfolio-4701e-default-rtdb.firebaseio.com\",\"storageBucket\":\"artportfolio-4701e.appspot.com\",\"locationId\":\"us-central\"}","GCLOUD_PROJECT":"artportfolio-4701e","EVENTARC_CLOUD_EVENT_SOURCE":"projects/artportfolio-4701e/locations/us-central1/functions/app"},"runtime":"nodejs16","dockerRegistry":"ARTIFACT_REGISTRY"},"versionId":"1","updateTime":"2022-11-10T00:24:29Z","buildId":"a83780d5-0714-4366-a447-d719b6c67405","buildName":"projects/88367457183/locations/us-central1/builds/a83780d5-0714-4366-a447-d719b6c67405"}}
[debug] [2022-11-10T00:24:38.086Z] [create-default-us-central1-app] Retrying task index 0
[debug] [2022-11-10T00:24:38.086Z] >>> [apiv2][query] GET https://cloudfunctions.googleapis.com/v1/operations/YXJ0cG9ydGZvbGlvLTQ3MDFlL3VzLWNlbnRyYWwxL2FwcC9GT0VlVVFtQ01nbw [none]
[debug] [2022-11-10T00:24:38.272Z] <<< [apiv2][status] GET https://cloudfunctions.googleapis.com/v1/operations/YXJ0cG9ydGZvbGlvLTQ3MDFlL3VzLWNlbnRyYWwxL2FwcC9GT0VlVVFtQ01nbw 200
[debug] [2022-11-10T00:24:38.272Z] <<< [apiv2][body] GET https://cloudfunctions.googleapis.com/v1/operations/YXJ0cG9ydGZvbGlvLTQ3MDFlL3VzLWNlbnRyYWwxL2FwcC9GT0VlVVFtQ01nbw {"name":"operations/YXJ0cG9ydGZvbGlvLTQ3MDFlL3VzLWNlbnRyYWwxL2FwcC9GT0VlVVFtQ01nbw","metadata":{"@type":"type.googleapis.com/google.cloud.functions.v1.OperationMetadataV1","target":"projects/artportfolio-4701e/locations/us-central1/functions/app","type":"CREATE_FUNCTION","request":{"@type":"type.googleapis.com/google.cloud.functions.v1.CloudFunction","name":"projects/artportfolio-4701e/locations/us-central1/functions/app","httpsTrigger":{"securityLevel":"SECURE_ALWAYS"},"entryPoint":"app","labels":{"deployment-tool":"cli-firebase","firebase-functions-hash":"1be29f4b02cfe16f73e01d6d7f804e7ec7dae2b2"},"sourceUploadUrl":"https://storage.googleapis.com/uploads-332294596759.us-central1.cloudfunctions.appspot.com/d3eaab28-b28e-4460-9902-8004ad7b4348.zip?GoogleAccessId=service-88367457183@gcf-admin-robot.iam.gserviceaccount.com&Expires=1668041637&Signature=Au8L4xfEJ7RIFdSnl6O%2BSIw8oiUFz12%2BizXjEu1Mq5nN1VcWSa0qCEZVgfh9OydJuaqnFNcb50zdBohDaKlX2BSAEyEoO7GpCKxi7uks%2FPNPB5zHSqB4j8vZtmwJULppDrGR0c3fysyrHfQ00EcbjxX1bC1rrGyWZHSTCkazawp5drGNEfSWr%2BoHzxBLmPvyJ62jZJr8GUKdk38bmGqzLex3caQSVb0eCSUXa7uoQJiQdHDavkuQhHMbsM4vjO%2FWujXZiuejK8RATAbZeptdAn%2BzjE3U8hEaLozMIwkwJxTe1hs4LIn94eSaUAKS9XAt2VAvEAl%2FBWs4rAeFQ7kUCA%3D%3D","environmentVariables":{"FIREBASE_CONFIG":"{\"projectId\":\"artportfolio-4701e\",\"databaseURL\":\"https://artportfolio-4701e-default-rtdb.firebaseio.com\",\"storageBucket\":\"artportfolio-4701e.appspot.com\",\"locationId\":\"us-central\"}","GCLOUD_PROJECT":"artportfolio-4701e","EVENTARC_CLOUD_EVENT_SOURCE":"projects/artportfolio-4701e/locations/us-central1/functions/app"},"runtime":"nodejs16","dockerRegistry":"ARTIFACT_REGISTRY"},"versionId":"1","updateTime":"2022-11-10T00:24:29Z","buildId":"a83780d5-0714-4366-a447-d719b6c67405","buildName":"projects/88367457183/locations/us-central1/builds/a83780d5-0714-4366-a447-d719b6c67405"}}
[debug] [2022-11-10T00:24:46.287Z] [create-default-us-central1-app] Retrying task index 0
[debug] [2022-11-10T00:24:46.288Z] >>> [apiv2][query] GET https://cloudfunctions.googleapis.com/v1/operations/YXJ0cG9ydGZvbGlvLTQ3MDFlL3VzLWNlbnRyYWwxL2FwcC9GT0VlVVFtQ01nbw [none]
[debug] [2022-11-10T00:24:46.481Z] <<< [apiv2][status] GET https://cloudfunctions.googleapis.com/v1/operations/YXJ0cG9ydGZvbGlvLTQ3MDFlL3VzLWNlbnRyYWwxL2FwcC9GT0VlVVFtQ01nbw 200
[debug] [2022-11-10T00:24:46.481Z] <<< [apiv2][body] GET https://cloudfunctions.googleapis.com/v1/operations/YXJ0cG9ydGZvbGlvLTQ3MDFlL3VzLWNlbnRyYWwxL2FwcC9GT0VlVVFtQ01nbw {"name":"operations/YXJ0cG9ydGZvbGlvLTQ3MDFlL3VzLWNlbnRyYWwxL2FwcC9GT0VlVVFtQ01nbw","metadata":{"@type":"type.googleapis.com/google.cloud.functions.v1.OperationMetadataV1","target":"projects/artportfolio-4701e/locations/us-central1/functions/app","type":"CREATE_FUNCTION","request":{"@type":"type.googleapis.com/google.cloud.functions.v1.CloudFunction","name":"projects/artportfolio-4701e/locations/us-central1/functions/app","httpsTrigger":{"securityLevel":"SECURE_ALWAYS"},"entryPoint":"app","labels":{"deployment-tool":"cli-firebase","firebase-functions-hash":"1be29f4b02cfe16f73e01d6d7f804e7ec7dae2b2"},"sourceUploadUrl":"https://storage.googleapis.com/uploads-332294596759.us-central1.cloudfunctions.appspot.com/d3eaab28-b28e-4460-9902-8004ad7b4348.zip?GoogleAccessId=service-88367457183@gcf-admin-robot.iam.gserviceaccount.com&Expires=1668041637&Signature=Au8L4xfEJ7RIFdSnl6O%2BSIw8oiUFz12%2BizXjEu1Mq5nN1VcWSa0qCEZVgfh9OydJuaqnFNcb50zdBohDaKlX2BSAEyEoO7GpCKxi7uks%2FPNPB5zHSqB4j8vZtmwJULppDrGR0c3fysyrHfQ00EcbjxX1bC1rrGyWZHSTCkazawp5drGNEfSWr%2BoHzxBLmPvyJ62jZJr8GUKdk38bmGqzLex3caQSVb0eCSUXa7uoQJiQdHDavkuQhHMbsM4vjO%2FWujXZiuejK8RATAbZeptdAn%2BzjE3U8hEaLozMIwkwJxTe1hs4LIn94eSaUAKS9XAt2VAvEAl%2FBWs4rAeFQ7kUCA%3D%3D","environmentVariables":{"FIREBASE_CONFIG":"{\"projectId\":\"artportfolio-4701e\",\"databaseURL\":\"https://artportfolio-4701e-default-rtdb.firebaseio.com\",\"storageBucket\":\"artportfolio-4701e.appspot.com\",\"locationId\":\"us-central\"}","GCLOUD_PROJECT":"artportfolio-4701e","EVENTARC_CLOUD_EVENT_SOURCE":"projects/artportfolio-4701e/locations/us-central1/functions/app"},"runtime":"nodejs16","dockerRegistry":"ARTIFACT_REGISTRY"},"versionId":"1","updateTime":"2022-11-10T00:24:29Z","buildId":"a83780d5-0714-4366-a447-d719b6c67405","buildName":"projects/88367457183/locations/us-central1/builds/a83780d5-0714-4366-a447-d719b6c67405"}}
[debug] [2022-11-10T00:24:56.484Z] [create-default-us-central1-app] Retrying task index 0
[debug] [2022-11-10T00:24:56.484Z] >>> [apiv2][query] GET https://cloudfunctions.googleapis.com/v1/operations/YXJ0cG9ydGZvbGlvLTQ3MDFlL3VzLWNlbnRyYWwxL2FwcC9GT0VlVVFtQ01nbw [none]
[debug] [2022-11-10T00:24:56.687Z] <<< [apiv2][status] GET https://cloudfunctions.googleapis.com/v1/operations/YXJ0cG9ydGZvbGlvLTQ3MDFlL3VzLWNlbnRyYWwxL2FwcC9GT0VlVVFtQ01nbw 200
[debug] [2022-11-10T00:24:56.687Z] <<< [apiv2][body] GET https://cloudfunctions.googleapis.com/v1/operations/YXJ0cG9ydGZvbGlvLTQ3MDFlL3VzLWNlbnRyYWwxL2FwcC9GT0VlVVFtQ01nbw {"name":"operations/YXJ0cG9ydGZvbGlvLTQ3MDFlL3VzLWNlbnRyYWwxL2FwcC9GT0VlVVFtQ01nbw","metadata":{"@type":"type.googleapis.com/google.cloud.functions.v1.OperationMetadataV1","target":"projects/artportfolio-4701e/locations/us-central1/functions/app","type":"CREATE_FUNCTION","request":{"@type":"type.googleapis.com/google.cloud.functions.v1.CloudFunction","name":"projects/artportfolio-4701e/locations/us-central1/functions/app","httpsTrigger":{"securityLevel":"SECURE_ALWAYS"},"entryPoint":"app","labels":{"deployment-tool":"cli-firebase","firebase-functions-hash":"1be29f4b02cfe16f73e01d6d7f804e7ec7dae2b2"},"sourceUploadUrl":"https://storage.googleapis.com/uploads-332294596759.us-central1.cloudfunctions.appspot.com/d3eaab28-b28e-4460-9902-8004ad7b4348.zip?GoogleAccessId=service-88367457183@gcf-admin-robot.iam.gserviceaccount.com&Expires=1668041637&Signature=Au8L4xfEJ7RIFdSnl6O%2BSIw8oiUFz12%2BizXjEu1Mq5nN1VcWSa0qCEZVgfh9OydJuaqnFNcb50zdBohDaKlX2BSAEyEoO7GpCKxi7uks%2FPNPB5zHSqB4j8vZtmwJULppDrGR0c3fysyrHfQ00EcbjxX1bC1rrGyWZHSTCkazawp5drGNEfSWr%2BoHzxBLmPvyJ62jZJr8GUKdk38bmGqzLex3caQSVb0eCSUXa7uoQJiQdHDavkuQhHMbsM4vjO%2FWujXZiuejK8RATAbZeptdAn%2BzjE3U8hEaLozMIwkwJxTe1hs4LIn94eSaUAKS9XAt2VAvEAl%2FBWs4rAeFQ7kUCA%3D%3D","environmentVariables":{"FIREBASE_CONFIG":"{\"projectId\":\"artportfolio-4701e\",\"databaseURL\":\"https://artportfolio-4701e-default-rtdb.firebaseio.com\",\"storageBucket\":\"artportfolio-4701e.appspot.com\",\"locationId\":\"us-central\"}","GCLOUD_PROJECT":"artportfolio-4701e","EVENTARC_CLOUD_EVENT_SOURCE":"projects/artportfolio-4701e/locations/us-central1/functions/app"},"runtime":"nodejs16","dockerRegistry":"ARTIFACT_REGISTRY"},"versionId":"1","updateTime":"2022-11-10T00:24:29Z","buildId":"a83780d5-0714-4366-a447-d719b6c67405","buildName":"projects/88367457183/locations/us-central1/builds/a83780d5-0714-4366-a447-d719b6c67405"}}
[debug] [2022-11-10T00:25:06.696Z] [create-default-us-central1-app] Retrying task index 0
[debug] [2022-11-10T00:25:06.696Z] >>> [apiv2][query] GET https://cloudfunctions.googleapis.com/v1/operations/YXJ0cG9ydGZvbGlvLTQ3MDFlL3VzLWNlbnRyYWwxL2FwcC9GT0VlVVFtQ01nbw [none]
[debug] [2022-11-10T00:25:06.927Z] <<< [apiv2][status] GET https://cloudfunctions.googleapis.com/v1/operations/YXJ0cG9ydGZvbGlvLTQ3MDFlL3VzLWNlbnRyYWwxL2FwcC9GT0VlVVFtQ01nbw 200
[debug] [2022-11-10T00:25:06.927Z] <<< [apiv2][body] GET https://cloudfunctions.googleapis.com/v1/operations/YXJ0cG9ydGZvbGlvLTQ3MDFlL3VzLWNlbnRyYWwxL2FwcC9GT0VlVVFtQ01nbw {"name":"operations/YXJ0cG9ydGZvbGlvLTQ3MDFlL3VzLWNlbnRyYWwxL2FwcC9GT0VlVVFtQ01nbw","metadata":{"@type":"type.googleapis.com/google.cloud.functions.v1.OperationMetadataV1","target":"projects/artportfolio-4701e/locations/us-central1/functions/app","type":"CREATE_FUNCTION","request":{"@type":"type.googleapis.com/google.cloud.functions.v1.CloudFunction","name":"projects/artportfolio-4701e/locations/us-central1/functions/app","httpsTrigger":{"securityLevel":"SECURE_ALWAYS"},"entryPoint":"app","labels":{"deployment-tool":"cli-firebase","firebase-functions-hash":"1be29f4b02cfe16f73e01d6d7f804e7ec7dae2b2"},"sourceUploadUrl":"https://storage.googleapis.com/uploads-332294596759.us-central1.cloudfunctions.appspot.com/d3eaab28-b28e-4460-9902-8004ad7b4348.zip?GoogleAccessId=service-88367457183@gcf-admin-robot.iam.gserviceaccount.com&Expires=1668041637&Signature=Au8L4xfEJ7RIFdSnl6O%2BSIw8oiUFz12%2BizXjEu1Mq5nN1VcWSa0qCEZVgfh9OydJuaqnFNcb50zdBohDaKlX2BSAEyEoO7GpCKxi7uks%2FPNPB5zHSqB4j8vZtmwJULppDrGR0c3fysyrHfQ00EcbjxX1bC1rrGyWZHSTCkazawp5drGNEfSWr%2BoHzxBLmPvyJ62jZJr8GUKdk38bmGqzLex3caQSVb0eCSUXa7uoQJiQdHDavkuQhHMbsM4vjO%2FWujXZiuejK8RATAbZeptdAn%2BzjE3U8hEaLozMIwkwJxTe1hs4LIn94eSaUAKS9XAt2VAvEAl%2FBWs4rAeFQ7kUCA%3D%3D","environmentVariables":{"FIREBASE_CONFIG":"{\"projectId\":\"artportfolio-4701e\",\"databaseURL\":\"https://artportfolio-4701e-default-rtdb.firebaseio.com\",\"storageBucket\":\"artportfolio-4701e.appspot.com\",\"locationId\":\"us-central\"}","GCLOUD_PROJECT":"artportfolio-4701e","EVENTARC_CLOUD_EVENT_SOURCE":"projects/artportfolio-4701e/locations/us-central1/functions/app"},"runtime":"nodejs16","dockerRegistry":"ARTIFACT_REGISTRY"},"versionId":"1","updateTime":"2022-11-10T00:24:29Z","buildId":"a83780d5-0714-4366-a447-d719b6c67405","buildName":"projects/88367457183/locations/us-central1/builds/a83780d5-0714-4366-a447-d719b6c67405"}}
[debug] [2022-11-10T00:25:16.940Z] [create-default-us-central1-app] Retrying task index 0
[debug] [2022-11-10T00:25:16.940Z] >>> [apiv2][query] GET https://cloudfunctions.googleapis.com/v1/operations/YXJ0cG9ydGZvbGlvLTQ3MDFlL3VzLWNlbnRyYWwxL2FwcC9GT0VlVVFtQ01nbw [none]
[debug] [2022-11-10T00:25:17.251Z] <<< [apiv2][status] GET https://cloudfunctions.googleapis.com/v1/operations/YXJ0cG9ydGZvbGlvLTQ3MDFlL3VzLWNlbnRyYWwxL2FwcC9GT0VlVVFtQ01nbw 200
[debug] [2022-11-10T00:25:17.251Z] <<< [apiv2][body] GET https://cloudfunctions.googleapis.com/v1/operations/YXJ0cG9ydGZvbGlvLTQ3MDFlL3VzLWNlbnRyYWwxL2FwcC9GT0VlVVFtQ01nbw {"name":"operations/YXJ0cG9ydGZvbGlvLTQ3MDFlL3VzLWNlbnRyYWwxL2FwcC9GT0VlVVFtQ01nbw","metadata":{"@type":"type.googleapis.com/google.cloud.functions.v1.OperationMetadataV1","target":"projects/artportfolio-4701e/locations/us-central1/functions/app","type":"CREATE_FUNCTION","request":{"@type":"type.googleapis.com/google.cloud.functions.v1.CloudFunction","name":"projects/artportfolio-4701e/locations/us-central1/functions/app","httpsTrigger":{"securityLevel":"SECURE_ALWAYS"},"entryPoint":"app","labels":{"deployment-tool":"cli-firebase","firebase-functions-hash":"1be29f4b02cfe16f73e01d6d7f804e7ec7dae2b2"},"sourceUploadUrl":"https://storage.googleapis.com/uploads-332294596759.us-central1.cloudfunctions.appspot.com/d3eaab28-b28e-4460-9902-8004ad7b4348.zip?GoogleAccessId=service-88367457183@gcf-admin-robot.iam.gserviceaccount.com&Expires=1668041637&Signature=Au8L4xfEJ7RIFdSnl6O%2BSIw8oiUFz12%2BizXjEu1Mq5nN1VcWSa0qCEZVgfh9OydJuaqnFNcb50zdBohDaKlX2BSAEyEoO7GpCKxi7uks%2FPNPB5zHSqB4j8vZtmwJULppDrGR0c3fysyrHfQ00EcbjxX1bC1rrGyWZHSTCkazawp5drGNEfSWr%2BoHzxBLmPvyJ62jZJr8GUKdk38bmGqzLex3caQSVb0eCSUXa7uoQJiQdHDavkuQhHMbsM4vjO%2FWujXZiuejK8RATAbZeptdAn%2BzjE3U8hEaLozMIwkwJxTe1hs4LIn94eSaUAKS9XAt2VAvEAl%2FBWs4rAeFQ7kUCA%3D%3D","environmentVariables":{"FIREBASE_CONFIG":"{\"projectId\":\"artportfolio-4701e\",\"databaseURL\":\"https://artportfolio-4701e-default-rtdb.firebaseio.com\",\"storageBucket\":\"artportfolio-4701e.appspot.com\",\"locationId\":\"us-central\"}","GCLOUD_PROJECT":"artportfolio-4701e","EVENTARC_CLOUD_EVENT_SOURCE":"projects/artportfolio-4701e/locations/us-central1/functions/app"},"runtime":"nodejs16","dockerRegistry":"ARTIFACT_REGISTRY"},"versionId":"1","updateTime":"2022-11-10T00:24:29Z","buildId":"a83780d5-0714-4366-a447-d719b6c67405","buildName":"projects/88367457183/locations/us-central1/builds/a83780d5-0714-4366-a447-d719b6c67405"}}
[debug] [2022-11-10T00:25:27.262Z] [create-default-us-central1-app] Retrying task index 0
[debug] [2022-11-10T00:25:27.262Z] >>> [apiv2][query] GET https://cloudfunctions.googleapis.com/v1/operations/YXJ0cG9ydGZvbGlvLTQ3MDFlL3VzLWNlbnRyYWwxL2FwcC9GT0VlVVFtQ01nbw [none]
[debug] [2022-11-10T00:25:27.453Z] <<< [apiv2][status] GET https://cloudfunctions.googleapis.com/v1/operations/YXJ0cG9ydGZvbGlvLTQ3MDFlL3VzLWNlbnRyYWwxL2FwcC9GT0VlVVFtQ01nbw 200
[debug] [2022-11-10T00:25:27.453Z] <<< [apiv2][body] GET https://cloudfunctions.googleapis.com/v1/operations/YXJ0cG9ydGZvbGlvLTQ3MDFlL3VzLWNlbnRyYWwxL2FwcC9GT0VlVVFtQ01nbw {"name":"operations/YXJ0cG9ydGZvbGlvLTQ3MDFlL3VzLWNlbnRyYWwxL2FwcC9GT0VlVVFtQ01nbw","metadata":{"@type":"type.googleapis.com/google.cloud.functions.v1.OperationMetadataV1","target":"projects/artportfolio-4701e/locations/us-central1/functions/app","type":"CREATE_FUNCTION","request":{"@type":"type.googleapis.com/google.cloud.functions.v1.CloudFunction","name":"projects/artportfolio-4701e/locations/us-central1/functions/app","httpsTrigger":{"securityLevel":"SECURE_ALWAYS"},"entryPoint":"app","labels":{"deployment-tool":"cli-firebase","firebase-functions-hash":"1be29f4b02cfe16f73e01d6d7f804e7ec7dae2b2"},"sourceUploadUrl":"https://storage.googleapis.com/uploads-332294596759.us-central1.cloudfunctions.appspot.com/d3eaab28-b28e-4460-9902-8004ad7b4348.zip?GoogleAccessId=service-88367457183@gcf-admin-robot.iam.gserviceaccount.com&Expires=1668041637&Signature=Au8L4xfEJ7RIFdSnl6O%2BSIw8oiUFz12%2BizXjEu1Mq5nN1VcWSa0qCEZVgfh9OydJuaqnFNcb50zdBohDaKlX2BSAEyEoO7GpCKxi7uks%2FPNPB5zHSqB4j8vZtmwJULppDrGR0c3fysyrHfQ00EcbjxX1bC1rrGyWZHSTCkazawp5drGNEfSWr%2BoHzxBLmPvyJ62jZJr8GUKdk38bmGqzLex3caQSVb0eCSUXa7uoQJiQdHDavkuQhHMbsM4vjO%2FWujXZiuejK8RATAbZeptdAn%2BzjE3U8hEaLozMIwkwJxTe1hs4LIn94eSaUAKS9XAt2VAvEAl%2FBWs4rAeFQ7kUCA%3D%3D","environmentVariables":{"FIREBASE_CONFIG":"{\"projectId\":\"artportfolio-4701e\",\"databaseURL\":\"https://artportfolio-4701e-default-rtdb.firebaseio.com\",\"storageBucket\":\"artportfolio-4701e.appspot.com\",\"locationId\":\"us-central\"}","GCLOUD_PROJECT":"artportfolio-4701e","EVENTARC_CLOUD_EVENT_SOURCE":"projects/artportfolio-4701e/locations/us-central1/functions/app"},"runtime":"nodejs16","dockerRegistry":"ARTIFACT_REGISTRY"},"versionId":"1","updateTime":"2022-11-10T00:24:29Z","buildId":"a83780d5-0714-4366-a447-d719b6c67405","buildName":"projects/88367457183/locations/us-central1/builds/a83780d5-0714-4366-a447-d719b6c67405"}}
[debug] [2022-11-10T00:25:37.466Z] [create-default-us-central1-app] Retrying task index 0
[debug] [2022-11-10T00:25:37.467Z] >>> [apiv2][query] GET https://cloudfunctions.googleapis.com/v1/operations/YXJ0cG9ydGZvbGlvLTQ3MDFlL3VzLWNlbnRyYWwxL2FwcC9GT0VlVVFtQ01nbw [none]
[debug] [2022-11-10T00:25:37.740Z] <<< [apiv2][status] GET https://cloudfunctions.googleapis.com/v1/operations/YXJ0cG9ydGZvbGlvLTQ3MDFlL3VzLWNlbnRyYWwxL2FwcC9GT0VlVVFtQ01nbw 200
[debug] [2022-11-10T00:25:37.740Z] <<< [apiv2][body] GET https://cloudfunctions.googleapis.com/v1/operations/YXJ0cG9ydGZvbGlvLTQ3MDFlL3VzLWNlbnRyYWwxL2FwcC9GT0VlVVFtQ01nbw {"name":"operations/YXJ0cG9ydGZvbGlvLTQ3MDFlL3VzLWNlbnRyYWwxL2FwcC9GT0VlVVFtQ01nbw","metadata":{"@type":"type.googleapis.com/google.cloud.functions.v1.OperationMetadataV1","target":"projects/artportfolio-4701e/locations/us-central1/functions/app","type":"CREATE_FUNCTION","request":{"@type":"type.googleapis.com/google.cloud.functions.v1.CloudFunction","name":"projects/artportfolio-4701e/locations/us-central1/functions/app","httpsTrigger":{"securityLevel":"SECURE_ALWAYS"},"entryPoint":"app","labels":{"deployment-tool":"cli-firebase","firebase-functions-hash":"1be29f4b02cfe16f73e01d6d7f804e7ec7dae2b2"},"sourceUploadUrl":"https://storage.googleapis.com/uploads-332294596759.us-central1.cloudfunctions.appspot.com/d3eaab28-b28e-4460-9902-8004ad7b4348.zip?GoogleAccessId=service-88367457183@gcf-admin-robot.iam.gserviceaccount.com&Expires=1668041637&Signature=Au8L4xfEJ7RIFdSnl6O%2BSIw8oiUFz12%2BizXjEu1Mq5nN1VcWSa0qCEZVgfh9OydJuaqnFNcb50zdBohDaKlX2BSAEyEoO7GpCKxi7uks%2FPNPB5zHSqB4j8vZtmwJULppDrGR0c3fysyrHfQ00EcbjxX1bC1rrGyWZHSTCkazawp5drGNEfSWr%2BoHzxBLmPvyJ62jZJr8GUKdk38bmGqzLex3caQSVb0eCSUXa7uoQJiQdHDavkuQhHMbsM4vjO%2FWujXZiuejK8RATAbZeptdAn%2BzjE3U8hEaLozMIwkwJxTe1hs4LIn94eSaUAKS9XAt2VAvEAl%2FBWs4rAeFQ7kUCA%3D%3D","environmentVariables":{"FIREBASE_CONFIG":"{\"projectId\":\"artportfolio-4701e\",\"databaseURL\":\"https://artportfolio-4701e-default-rtdb.firebaseio.com\",\"storageBucket\":\"artportfolio-4701e.appspot.com\",\"locationId\":\"us-central\"}","GCLOUD_PROJECT":"artportfolio-4701e","EVENTARC_CLOUD_EVENT_SOURCE":"projects/artportfolio-4701e/locations/us-central1/functions/app"},"runtime":"nodejs16","dockerRegistry":"ARTIFACT_REGISTRY"},"versionId":"1","updateTime":"2022-11-10T00:24:29Z","buildId":"a83780d5-0714-4366-a447-d719b6c67405","buildName":"projects/88367457183/locations/us-central1/builds/a83780d5-0714-4366-a447-d719b6c67405"}}
[debug] [2022-11-10T00:25:47.743Z] [create-default-us-central1-app] Retrying task index 0
[debug] [2022-11-10T00:25:47.744Z] >>> [apiv2][query] GET https://cloudfunctions.googleapis.com/v1/operations/YXJ0cG9ydGZvbGlvLTQ3MDFlL3VzLWNlbnRyYWwxL2FwcC9GT0VlVVFtQ01nbw [none]
[debug] [2022-11-10T00:25:47.977Z] <<< [apiv2][status] GET https://cloudfunctions.googleapis.com/v1/operations/YXJ0cG9ydGZvbGlvLTQ3MDFlL3VzLWNlbnRyYWwxL2FwcC9GT0VlVVFtQ01nbw 200
[debug] [2022-11-10T00:25:47.977Z] <<< [apiv2][body] GET https://cloudfunctions.googleapis.com/v1/operations/YXJ0cG9ydGZvbGlvLTQ3MDFlL3VzLWNlbnRyYWwxL2FwcC9GT0VlVVFtQ01nbw {"name":"operations/YXJ0cG9ydGZvbGlvLTQ3MDFlL3VzLWNlbnRyYWwxL2FwcC9GT0VlVVFtQ01nbw","metadata":{"@type":"type.googleapis.com/google.cloud.functions.v1.OperationMetadataV1","target":"projects/artportfolio-4701e/locations/us-central1/functions/app","type":"CREATE_FUNCTION","request":{"@type":"type.googleapis.com/google.cloud.functions.v1.CloudFunction","name":"projects/artportfolio-4701e/locations/us-central1/functions/app","httpsTrigger":{"securityLevel":"SECURE_ALWAYS"},"entryPoint":"app","labels":{"deployment-tool":"cli-firebase","firebase-functions-hash":"1be29f4b02cfe16f73e01d6d7f804e7ec7dae2b2"},"sourceUploadUrl":"https://storage.googleapis.com/uploads-332294596759.us-central1.cloudfunctions.appspot.com/d3eaab28-b28e-4460-9902-8004ad7b4348.zip?GoogleAccessId=service-88367457183@gcf-admin-robot.iam.gserviceaccount.com&Expires=1668041637&Signature=Au8L4xfEJ7RIFdSnl6O%2BSIw8oiUFz12%2BizXjEu1Mq5nN1VcWSa0qCEZVgfh9OydJuaqnFNcb50zdBohDaKlX2BSAEyEoO7GpCKxi7uks%2FPNPB5zHSqB4j8vZtmwJULppDrGR0c3fysyrHfQ00EcbjxX1bC1rrGyWZHSTCkazawp5drGNEfSWr%2BoHzxBLmPvyJ62jZJr8GUKdk38bmGqzLex3caQSVb0eCSUXa7uoQJiQdHDavkuQhHMbsM4vjO%2FWujXZiuejK8RATAbZeptdAn%2BzjE3U8hEaLozMIwkwJxTe1hs4LIn94eSaUAKS9XAt2VAvEAl%2FBWs4rAeFQ7kUCA%3D%3D","environmentVariables":{"FIREBASE_CONFIG":"{\"projectId\":\"artportfolio-4701e\",\"databaseURL\":\"https://artportfolio-4701e-default-rtdb.firebaseio.com\",\"storageBucket\":\"artportfolio-4701e.appspot.com\",\"locationId\":\"us-central\"}","GCLOUD_PROJECT":"artportfolio-4701e","EVENTARC_CLOUD_EVENT_SOURCE":"projects/artportfolio-4701e/locations/us-central1/functions/app"},"runtime":"nodejs16","dockerRegistry":"ARTIFACT_REGISTRY"},"versionId":"1","updateTime":"2022-11-10T00:24:29Z","buildId":"a83780d5-0714-4366-a447-d719b6c67405","buildName":"projects/88367457183/locations/us-central1/builds/a83780d5-0714-4366-a447-d719b6c67405"}}
[debug] [2022-11-10T00:25:57.978Z] [create-default-us-central1-app] Retrying task index 0
[debug] [2022-11-10T00:25:57.979Z] >>> [apiv2][query] GET https://cloudfunctions.googleapis.com/v1/operations/YXJ0cG9ydGZvbGlvLTQ3MDFlL3VzLWNlbnRyYWwxL2FwcC9GT0VlVVFtQ01nbw [none]
[debug] [2022-11-10T00:25:58.171Z] <<< [apiv2][status] GET https://cloudfunctions.googleapis.com/v1/operations/YXJ0cG9ydGZvbGlvLTQ3MDFlL3VzLWNlbnRyYWwxL2FwcC9GT0VlVVFtQ01nbw 200
[debug] [2022-11-10T00:25:58.172Z] <<< [apiv2][body] GET https://cloudfunctions.googleapis.com/v1/operations/YXJ0cG9ydGZvbGlvLTQ3MDFlL3VzLWNlbnRyYWwxL2FwcC9GT0VlVVFtQ01nbw {"name":"operations/YXJ0cG9ydGZvbGlvLTQ3MDFlL3VzLWNlbnRyYWwxL2FwcC9GT0VlVVFtQ01nbw","metadata":{"@type":"type.googleapis.com/google.cloud.functions.v1.OperationMetadataV1","target":"projects/artportfolio-4701e/locations/us-central1/functions/app","type":"CREATE_FUNCTION","request":{"@type":"type.googleapis.com/google.cloud.functions.v1.CloudFunction","name":"projects/artportfolio-4701e/locations/us-central1/functions/app","httpsTrigger":{"securityLevel":"SECURE_ALWAYS"},"entryPoint":"app","labels":{"deployment-tool":"cli-firebase","firebase-functions-hash":"1be29f4b02cfe16f73e01d6d7f804e7ec7dae2b2"},"sourceUploadUrl":"https://storage.googleapis.com/uploads-332294596759.us-central1.cloudfunctions.appspot.com/d3eaab28-b28e-4460-9902-8004ad7b4348.zip?GoogleAccessId=service-88367457183@gcf-admin-robot.iam.gserviceaccount.com&Expires=1668041637&Signature=Au8L4xfEJ7RIFdSnl6O%2BSIw8oiUFz12%2BizXjEu1Mq5nN1VcWSa0qCEZVgfh9OydJuaqnFNcb50zdBohDaKlX2BSAEyEoO7GpCKxi7uks%2FPNPB5zHSqB4j8vZtmwJULppDrGR0c3fysyrHfQ00EcbjxX1bC1rrGyWZHSTCkazawp5drGNEfSWr%2BoHzxBLmPvyJ62jZJr8GUKdk38bmGqzLex3caQSVb0eCSUXa7uoQJiQdHDavkuQhHMbsM4vjO%2FWujXZiuejK8RATAbZeptdAn%2BzjE3U8hEaLozMIwkwJxTe1hs4LIn94eSaUAKS9XAt2VAvEAl%2FBWs4rAeFQ7kUCA%3D%3D","environmentVariables":{"FIREBASE_CONFIG":"{\"projectId\":\"artportfolio-4701e\",\"databaseURL\":\"https://artportfolio-4701e-default-rtdb.firebaseio.com\",\"storageBucket\":\"artportfolio-4701e.appspot.com\",\"locationId\":\"us-central\"}","GCLOUD_PROJECT":"artportfolio-4701e","EVENTARC_CLOUD_EVENT_SOURCE":"projects/artportfolio-4701e/locations/us-central1/functions/app"},"runtime":"nodejs16","dockerRegistry":"ARTIFACT_REGISTRY"},"versionId":"1","updateTime":"2022-11-10T00:24:29Z","buildId":"a83780d5-0714-4366-a447-d719b6c67405","sourceToken":"1266481a-d1b3-4853-bce6-2c71893231f9","buildName":"projects/88367457183/locations/us-central1/builds/a83780d5-0714-4366-a447-d719b6c67405"}}
[debug] [2022-11-10T00:25:58.172Z] Got source token 1266481a-d1b3-4853-bce6-2c71893231f9 for region us-central1
[debug] [2022-11-10T00:26:08.175Z] [create-default-us-central1-app] Retrying task index 0
[debug] [2022-11-10T00:26:08.175Z] >>> [apiv2][query] GET https://cloudfunctions.googleapis.com/v1/operations/YXJ0cG9ydGZvbGlvLTQ3MDFlL3VzLWNlbnRyYWwxL2FwcC9GT0VlVVFtQ01nbw [none]
[debug] [2022-11-10T00:26:08.387Z] <<< [apiv2][status] GET https://cloudfunctions.googleapis.com/v1/operations/YXJ0cG9ydGZvbGlvLTQ3MDFlL3VzLWNlbnRyYWwxL2FwcC9GT0VlVVFtQ01nbw 200
[debug] [2022-11-10T00:26:08.388Z] <<< [apiv2][body] GET https://cloudfunctions.googleapis.com/v1/operations/YXJ0cG9ydGZvbGlvLTQ3MDFlL3VzLWNlbnRyYWwxL2FwcC9GT0VlVVFtQ01nbw {"name":"operations/YXJ0cG9ydGZvbGlvLTQ3MDFlL3VzLWNlbnRyYWwxL2FwcC9GT0VlVVFtQ01nbw","metadata":{"@type":"type.googleapis.com/google.cloud.functions.v1.OperationMetadataV1","target":"projects/artportfolio-4701e/locations/us-central1/functions/app","type":"CREATE_FUNCTION","request":{"@type":"type.googleapis.com/google.cloud.functions.v1.CloudFunction","name":"projects/artportfolio-4701e/locations/us-central1/functions/app","httpsTrigger":{"securityLevel":"SECURE_ALWAYS"},"entryPoint":"app","labels":{"deployment-tool":"cli-firebase","firebase-functions-hash":"1be29f4b02cfe16f73e01d6d7f804e7ec7dae2b2"},"sourceUploadUrl":"https://storage.googleapis.com/uploads-332294596759.us-central1.cloudfunctions.appspot.com/d3eaab28-b28e-4460-9902-8004ad7b4348.zip?GoogleAccessId=service-88367457183@gcf-admin-robot.iam.gserviceaccount.com&Expires=1668041637&Signature=Au8L4xfEJ7RIFdSnl6O%2BSIw8oiUFz12%2BizXjEu1Mq5nN1VcWSa0qCEZVgfh9OydJuaqnFNcb50zdBohDaKlX2BSAEyEoO7GpCKxi7uks%2FPNPB5zHSqB4j8vZtmwJULppDrGR0c3fysyrHfQ00EcbjxX1bC1rrGyWZHSTCkazawp5drGNEfSWr%2BoHzxBLmPvyJ62jZJr8GUKdk38bmGqzLex3caQSVb0eCSUXa7uoQJiQdHDavkuQhHMbsM4vjO%2FWujXZiuejK8RATAbZeptdAn%2BzjE3U8hEaLozMIwkwJxTe1hs4LIn94eSaUAKS9XAt2VAvEAl%2FBWs4rAeFQ7kUCA%3D%3D","environmentVariables":{"FIREBASE_CONFIG":"{\"projectId\":\"artportfolio-4701e\",\"databaseURL\":\"https://artportfolio-4701e-default-rtdb.firebaseio.com\",\"storageBucket\":\"artportfolio-4701e.appspot.com\",\"locationId\":\"us-central\"}","GCLOUD_PROJECT":"artportfolio-4701e","EVENTARC_CLOUD_EVENT_SOURCE":"projects/artportfolio-4701e/locations/us-central1/functions/app"},"runtime":"nodejs16","dockerRegistry":"ARTIFACT_REGISTRY"},"versionId":"1","updateTime":"2022-11-10T00:26:06Z","buildId":"a83780d5-0714-4366-a447-d719b6c67405","sourceToken":"1266481a-d1b3-4853-bce6-2c71893231f9","buildName":"projects/88367457183/locations/us-central1/builds/a83780d5-0714-4366-a447-d719b6c67405"},"done":true,"error":{"code":3,"message":"Function failed on loading user code. This is likely due to a bug in the user code. Error message: Error: please examine your function logs to see the error cause: https://cloud.google.com/functions/docs/monitoring/logging#viewing_logs. Additional troubleshooting documentation can be found at https://cloud.google.com/functions/docs/troubleshooting#logging. Please visit https://cloud.google.com/functions/docs/troubleshooting for in-depth troubleshooting documentation."}}
[debug] [2022-11-10T00:26:08.388Z] Got source token 1266481a-d1b3-4853-bce6-2c71893231f9 for region us-central1
[error] Function failed on loading user code. This is likely due to a bug in the user code. Error message: Error: please examine your function logs to see the error cause: https://cloud.google.com/functions/docs/monitoring/logging#viewing_logs. Additional troubleshooting documentation can be found at https://cloud.google.com/functions/docs/troubleshooting#logging. Please visit https://cloud.google.com/functions/docs/troubleshooting for in-depth troubleshooting documentation.
[debug] [2022-11-10T00:26:08.394Z] Total Function Deployment time: 99202
[debug] [2022-11-10T00:26:08.394Z] 2 Functions Deployed
[debug] [2022-11-10T00:26:08.394Z] 1 Functions Errored
[debug] [2022-11-10T00:26:08.394Z] 0 Function Deployments Aborted
[debug] [2022-11-10T00:26:08.395Z] Average Function Deployment time: 51960
[info] 
[info] Functions deploy had errors with the following functions:
	app(us-central1)
[debug] [2022-11-10T00:26:08.401Z] Not printing URL for HTTPS function. Typically this means it didn't match a filter or we failed deployment
[info] i  functions: cleaning up build files... 
[debug] [2022-11-10T00:26:08.404Z] >>> [apiv2][query] DELETE https://artifactregistry.googleapis.com/v1beta2/projects/artportfolio-4701e/locations/us-central1/repositories/gcf-artifacts/packages/app [none]
[debug] [2022-11-10T00:26:08.405Z] >>> [apiv2][query] DELETE https://artifactregistry.googleapis.com/v1beta2/projects/artportfolio-4701e/locations/us-central1/repositories/gcf-artifacts/packages/user [none]
[debug] [2022-11-10T00:26:08.407Z] >>> [apiv2][query] DELETE https://artifactregistry.googleapis.com/v1beta2/projects/artportfolio-4701e/locations/us-central1/repositories/gcf-artifacts/packages/user%2Fcache [none]
[debug] [2022-11-10T00:26:08.408Z] >>> [apiv2][query] GET https://us.gcr.io/v2/artportfolio-4701e/gcf/us-central1/tags/list [none]
[debug] [2022-11-10T00:26:08.749Z] <<< [apiv2][status] GET https://us.gcr.io/v2/artportfolio-4701e/gcf/us-central1/tags/list 200
[debug] [2022-11-10T00:26:08.749Z] <<< [apiv2][body] GET https://us.gcr.io/v2/artportfolio-4701e/gcf/us-central1/tags/list {"child":[],"manifest":{},"name":"artportfolio-4701e/gcf/us-central1","tags":[]}
[debug] [2022-11-10T00:26:08.751Z] Could not find image for function projects/artportfolio-4701e/locations/us-central1/functions/app
[debug] [2022-11-10T00:26:08.751Z] Could not find image for function projects/artportfolio-4701e/locations/us-central1/functions/user
[debug] [2022-11-10T00:26:08.893Z] <<< [apiv2][status] DELETE https://artifactregistry.googleapis.com/v1beta2/projects/artportfolio-4701e/locations/us-central1/repositories/gcf-artifacts/packages/user%2Fcache 404
[debug] [2022-11-10T00:26:08.893Z] <<< [apiv2][body] DELETE https://artifactregistry.googleapis.com/v1beta2/projects/artportfolio-4701e/locations/us-central1/repositories/gcf-artifacts/packages/user%2Fcache {"error":{"code":404,"message":"Package \"projects/artportfolio-4701e/locations/us-central1/repositories/gcf-artifacts/packages/user%2Fcache\" was not found.","status":"NOT_FOUND"}}
[debug] [2022-11-10T00:26:08.899Z] <<< [apiv2][status] DELETE https://artifactregistry.googleapis.com/v1beta2/projects/artportfolio-4701e/locations/us-central1/repositories/gcf-artifacts/packages/user 404
[debug] [2022-11-10T00:26:08.899Z] <<< [apiv2][body] DELETE https://artifactregistry.googleapis.com/v1beta2/projects/artportfolio-4701e/locations/us-central1/repositories/gcf-artifacts/packages/user {"error":{"code":404,"message":"Package \"projects/artportfolio-4701e/locations/us-central1/repositories/gcf-artifacts/packages/user\" was not found.","status":"NOT_FOUND"}}
[debug] [2022-11-10T00:26:08.904Z] <<< [apiv2][status] DELETE https://artifactregistry.googleapis.com/v1beta2/projects/artportfolio-4701e/locations/us-central1/repositories/gcf-artifacts/packages/app 200
[debug] [2022-11-10T00:26:08.904Z] <<< [apiv2][body] DELETE https://artifactregistry.googleapis.com/v1beta2/projects/artportfolio-4701e/locations/us-central1/repositories/gcf-artifacts/packages/app {"name":"projects/artportfolio-4701e/locations/us-central1/operations/63a742c7-e265-47a8-8783-f928dbacae35","metadata":{"@type":"type.googleapis.com/google.devtools.artifactregistry.v1beta2.OperationMetadata"}}
[debug] [2022-11-10T00:26:08.905Z] >>> [apiv2][query] GET https://artifactregistry.googleapis.com/v1beta2/projects/artportfolio-4701e/locations/us-central1/operations/63a742c7-e265-47a8-8783-f928dbacae35 [none]
[debug] [2022-11-10T00:26:09.254Z] <<< [apiv2][status] GET https://artifactregistry.googleapis.com/v1beta2/projects/artportfolio-4701e/locations/us-central1/operations/63a742c7-e265-47a8-8783-f928dbacae35 200
[debug] [2022-11-10T00:26:09.254Z] <<< [apiv2][body] GET https://artifactregistry.googleapis.com/v1beta2/projects/artportfolio-4701e/locations/us-central1/operations/63a742c7-e265-47a8-8783-f928dbacae35 {"name":"projects/artportfolio-4701e/locations/us-central1/operations/63a742c7-e265-47a8-8783-f928dbacae35","metadata":{"@type":"type.googleapis.com/google.devtools.artifactregistry.v1beta2.OperationMetadata"},"done":true,"response":{"@type":"type.googleapis.com/google.protobuf.Empty"}}
[warn] !  functions: Unhandled error cleaning up build images. This could result in a small monthly bill if not corrected. You can attempt to delete these images by redeploying or you can delete them manually at https://console.cloud.google.com/artifacts/docker/artportfolio-4701e/us-central1/gcf-artifacts 
[debug] [2022-11-10T00:26:09.256Z] Functions deploy failed.
[debug] [2022-11-10T00:26:09.256Z] {
  "endpoint": {
    "id": "app",
    "project": "artportfolio-4701e",
    "region": "us-central1",
    "entryPoint": "app",
    "platform": "gcfv1",
    "runtime": "nodejs16",
    "httpsTrigger": {},
    "environmentVariables": {
      "FIREBASE_CONFIG": "{\"projectId\":\"artportfolio-4701e\",\"databaseURL\":\"https://artportfolio-4701e-default-rtdb.firebaseio.com\",\"storageBucket\":\"artportfolio-4701e.appspot.com\",\"locationId\":\"us-central\"}",
      "GCLOUD_PROJECT": "artportfolio-4701e",
      "EVENTARC_CLOUD_EVENT_SOURCE": "projects/artportfolio-4701e/locations/us-central1/functions/app"
    },
    "codebase": "default",
    "targetedByOnly": false,
    "hash": "1be29f4b02cfe16f73e01d6d7f804e7ec7dae2b2",
    "labels": {
      "deployment-tool": "cli-firebase"
    }
  },
  "op": "create",
  "original": {
    "name": "FirebaseError",
    "children": [],
    "exit": 1,
    "message": "Function failed on loading user code. This is likely due to a bug in the user code. Error message: Error: please examine your function logs to see the error cause: https://cloud.google.com/functions/docs/monitoring/logging#viewing_logs. Additional troubleshooting documentation can be found at https://cloud.google.com/functions/docs/troubleshooting#logging. Please visit https://cloud.google.com/functions/docs/troubleshooting for in-depth troubleshooting documentation.",
    "status": 3
  }
}
[debug] [2022-11-10T00:26:09.258Z] Error: Failed to create function app in region us-central1
    at C:\Users\Brenn\AppData\Roaming\npm\node_modules\firebase-tools\lib\deploy\functions\release\fabricator.js:41:11
    at process.processTicksAndRejections (node:internal/process/task_queues:95:5)
    at async Fabricator.createV1Function (C:\Users\Brenn\AppData\Roaming\npm\node_modules\firebase-tools\lib\deploy\functions\release\fabricator.js:171:32)
    at async Fabricator.createEndpoint (C:\Users\Brenn\AppData\Roaming\npm\node_modules\firebase-tools\lib\deploy\functions\release\fabricator.js:122:13)
    at async handle (C:\Users\Brenn\AppData\Roaming\npm\node_modules\firebase-tools\lib\deploy\functions\release\fabricator.js:78:17)
[error] 
[error] Error: There was an error deploying functions
